---------------------------------------------------------------
[ 2020-05-19T21:14:27+08:00 ] 127.0.0.1 GET /admin/feedback/index.html
[ info ] local.daocaoren/admin/feedback/index.html [运行时间：0.083005s][吞吐率：12.05req/s] [内存消耗：3,584.27kb] [文件加载：70]
[ info ] [ LANG ] D:\soft\xampp\htdocs\daocaoren\thinkphp\lang\zh-cn.php
[ info ] [ ROUTE ] array (
  'type' => 'module',
  'module' => 
  array (
    0 => 'admin',
    1 => 'feedback',
    2 => 'index',
  ),
)
[ info ] [ HEADER ] array (
  'host' => 'local.daocaoren',
  'connection' => 'keep-alive',
  'cache-control' => 'max-age=0',
  'upgrade-insecure-requests' => '1',
  'user-agent' => 'Mozilla/5.0 (Windows NT 6.1; Win64; x64) AppleWebKit/537.36 (KHTML, like Gecko) Chrome/81.0.4044.138 Safari/537.36',
  'accept' => 'text/html,application/xhtml+xml,application/xml;q=0.9,image/webp,image/apng,*/*;q=0.8,application/signed-exchange;v=b3;q=0.9',
  'referer' => 'http://local.daocaoren/admin/auth_rule/index.html',
  'accept-encoding' => 'gzip, deflate',
  'accept-language' => 'zh-CN,zh;q=0.9,en;q=0.8',
  'cookie' => 'PHPSESSID=etlfpf18es59sojef0pdi83mjd; administrator=eyJpZCI6MSwidXNlcm5hbWUiOiJhZG1pbiIsInBhc3N3b3JkIjoiNmUxZGRiYTMxMzJmMGYxNWQ0ZGYyYjA1YWY3ZWI0N2QiLCJzYWx0IjoieTJBRHcyUGQiLCJnZW5kZXIiOjAsImxldmVsIjowLCJiaXJ0aGRheSI6MCwibmlja25hbWUiOiLlrZnlrZDmtakiLCJtb2JpbGUiOiIiLCJlbWFpbCI6IiIsImF2YXRhciI6IlwvdXBsb2Fkc1wvMjAyMDAyMTBcLzQ2YzAyNmQ0NjE1MjljNjg3YWY1ZDkyZmUwMmYxNDVkLnBuZyIsImlzX2NoZWNrIjoxLCJsYXN0X2xvZ2luX2lwIjoiIiwibGFzdF9sb2dpbl90aW1lIjowLCJ1cGRhdGVfdGltZSI6IjIwMjAtMDUtMTggMjI6MDk6MzYiLCJjcmVhdGVfdGltZSI6IjE5NzAtMDEtMDEgMDg6MDA6MDAifQ%3D%3D',
)
[ info ] [ PARAM ] array (
)
[ info ] [ CACHE ] INIT File
[ info ] [ DB ] INIT mysql
[ info ] [ RUN ] app\admin\controller\Feedback->index[ D:\soft\xampp\htdocs\daocaoren\app\admin\controller\Feedback.php ]
[ info ] [ VIEW ] ./views/admin/pc/feedback\index.phtml [ array (
  0 => 'controller',
  1 => 'action',
  2 => 'admin',
  3 => 'treeMenu',
  4 => 'list',
  5 => 'pager',
  6 => 'total',
) ]
[ info ] [ LOG ] INIT File
[ sql ] [ DB ] CONNECT:[ UseTime:0.011001s ] mysql:host=localhost;port=3306;dbname=weikerenwu;charset=utf8
[ sql ] [ SQL ] SHOW COLUMNS FROM `tb_auth_rule` [ RunTime:0.003000s ]
[ sql ] [ SQL ] SELECT * FROM `tb_auth_rule` WHERE  `ismenu` = 1  AND `module` = 'admin'  AND `status` = 1 ORDER BY sorts ASC,id ASC [ RunTime:0.000000s ]
[ sql ] [ SQL ] SHOW COLUMNS FROM `tb_auth_group_access` [ RunTime:0.003000s ]
[ sql ] [ SQL ] SELECT * FROM `tb_auth_group_access` `a` INNER JOIN `tb_auth_group` `g` ON `a`.`group_id`=`g`.`id` WHERE  (  a.uid='1' and g.status='1' ) [ RunTime:0.000000s ]
[ sql ] [ SQL ] SELECT * FROM `tb_auth_rule` WHERE  `id` IN (1,2,3,4,5,6,7,8,9,10,23,24,25,11,12,15,14,16,17,18,19,20,21,22,0)  AND `type` = 1  AND `status` = 1 [ RunTime:0.001001s ]
[ sql ] [ SQL ] SHOW COLUMNS FROM `tb_feedback` [ RunTime:0.003000s ]
[ sql ] [ SQL ] SELECT COUNT(*) AS tp_count FROM `tb_feedback` WHERE  `parent_id` = 0 LIMIT 1 [ RunTime:0.000000s ]
[ sql ] [ SQL ] SELECT * FROM `tb_feedback` WHERE  `parent_id` = 0 ORDER BY update_time DESC LIMIT 0,15 [ RunTime:0.000000s ]
---------------------------------------------------------------
[ 2020-05-19T21:14:28+08:00 ] 127.0.0.1 GET /uploads//uploads/20200210/46c026d461529c687af5d92fe02f145d.png
[ info ] local.daocaoren/uploads//uploads/20200210/46c026d461529c687af5d92fe02f145d.png [运行时间：0.024001s][吞吐率：41.67req/s] [内存消耗：1,589.23kb] [文件加载：41]
[ info ] [ LANG ] D:\soft\xampp\htdocs\daocaoren\thinkphp\lang\zh-cn.php
[ info ] [ ROUTE ] array (
  'type' => 'module',
  'module' => 
  array (
    0 => 'uploads',
    1 => 'uploads',
    2 => '20200210',
  ),
)
[ info ] [ HEADER ] array (
  'host' => 'local.daocaoren',
  'connection' => 'keep-alive',
  'user-agent' => 'Mozilla/5.0 (Windows NT 6.1; Win64; x64) AppleWebKit/537.36 (KHTML, like Gecko) Chrome/81.0.4044.138 Safari/537.36',
  'accept' => 'image/webp,image/apng,image/*,*/*;q=0.8',
  'referer' => 'http://local.daocaoren/admin/feedback/index.html',
  'accept-encoding' => 'gzip, deflate',
  'accept-language' => 'zh-CN,zh;q=0.9,en;q=0.8',
  'cookie' => 'PHPSESSID=etlfpf18es59sojef0pdi83mjd; administrator=eyJpZCI6MSwidXNlcm5hbWUiOiJhZG1pbiIsInBhc3N3b3JkIjoiNmUxZGRiYTMxMzJmMGYxNWQ0ZGYyYjA1YWY3ZWI0N2QiLCJzYWx0IjoieTJBRHcyUGQiLCJnZW5kZXIiOjAsImxldmVsIjowLCJiaXJ0aGRheSI6MCwibmlja25hbWUiOiLlrZnlrZDmtakiLCJtb2JpbGUiOiIiLCJlbWFpbCI6IiIsImF2YXRhciI6IlwvdXBsb2Fkc1wvMjAyMDAyMTBcLzQ2YzAyNmQ0NjE1MjljNjg3YWY1ZDkyZmUwMmYxNDVkLnBuZyIsImlzX2NoZWNrIjoxLCJsYXN0X2xvZ2luX2lwIjoiIiwibGFzdF9sb2dpbl90aW1lIjowLCJ1cGRhdGVfdGltZSI6IjIwMjAtMDUtMTggMjI6MDk6MzYiLCJjcmVhdGVfdGltZSI6IjE5NzAtMDEtMDEgMDg6MDA6MDAifQ%3D%3D',
)
[ info ] [ PARAM ] array (
)
[ info ] [ LOG ] INIT File
---------------------------------------------------------------
[ 2020-05-19T21:15:00+08:00 ] 127.0.0.1 GET /admin/feedback/index.html
[ info ] local.daocaoren/admin/feedback/index.html [运行时间：0.076005s][吞吐率：13.16req/s] [内存消耗：3,556.52kb] [文件加载：68]
[ info ] [ LANG ] D:\soft\xampp\htdocs\daocaoren\thinkphp\lang\zh-cn.php
[ info ] [ ROUTE ] array (
  'type' => 'module',
  'module' => 
  array (
    0 => 'admin',
    1 => 'feedback',
    2 => 'index',
  ),
)
[ info ] [ HEADER ] array (
  'host' => 'local.daocaoren',
  'connection' => 'keep-alive',
  'cache-control' => 'max-age=0',
  'upgrade-insecure-requests' => '1',
  'user-agent' => 'Mozilla/5.0 (Windows NT 6.1; Win64; x64) AppleWebKit/537.36 (KHTML, like Gecko) Chrome/81.0.4044.138 Safari/537.36',
  'accept' => 'text/html,application/xhtml+xml,application/xml;q=0.9,image/webp,image/apng,*/*;q=0.8,application/signed-exchange;v=b3;q=0.9',
  'referer' => 'http://local.daocaoren/admin/auth_rule/index.html',
  'accept-encoding' => 'gzip, deflate',
  'accept-language' => 'zh-CN,zh;q=0.9,en;q=0.8',
  'cookie' => 'PHPSESSID=etlfpf18es59sojef0pdi83mjd; administrator=eyJpZCI6MSwidXNlcm5hbWUiOiJhZG1pbiIsInBhc3N3b3JkIjoiNmUxZGRiYTMxMzJmMGYxNWQ0ZGYyYjA1YWY3ZWI0N2QiLCJzYWx0IjoieTJBRHcyUGQiLCJnZW5kZXIiOjAsImxldmVsIjowLCJiaXJ0aGRheSI6MCwibmlja25hbWUiOiLlrZnlrZDmtakiLCJtb2JpbGUiOiIiLCJlbWFpbCI6IiIsImF2YXRhciI6IlwvdXBsb2Fkc1wvMjAyMDAyMTBcLzQ2YzAyNmQ0NjE1MjljNjg3YWY1ZDkyZmUwMmYxNDVkLnBuZyIsImlzX2NoZWNrIjoxLCJsYXN0X2xvZ2luX2lwIjoiIiwibGFzdF9sb2dpbl90aW1lIjowLCJ1cGRhdGVfdGltZSI6IjIwMjAtMDUtMTggMjI6MDk6MzYiLCJjcmVhdGVfdGltZSI6IjE5NzAtMDEtMDEgMDg6MDA6MDAifQ%3D%3D',
)
[ info ] [ PARAM ] array (
)
[ info ] [ CACHE ] INIT File
[ info ] [ DB ] INIT mysql
[ info ] [ RUN ] app\admin\controller\Feedback->index[ D:\soft\xampp\htdocs\daocaoren\app\admin\controller\Feedback.php ]
[ info ] [ VIEW ] ./views/admin/pc/feedback\index.phtml [ array (
  0 => 'controller',
  1 => 'action',
  2 => 'admin',
  3 => 'treeMenu',
  4 => 'list',
  5 => 'pager',
  6 => 'total',
) ]
[ info ] [ LOG ] INIT File
[ sql ] [ DB ] CONNECT:[ UseTime:0.011000s ] mysql:host=localhost;port=3306;dbname=weikerenwu;charset=utf8
[ sql ] [ SQL ] SHOW COLUMNS FROM `tb_auth_group_access` [ RunTime:0.008001s ]
[ sql ] [ SQL ] SELECT * FROM `tb_auth_group_access` `a` INNER JOIN `tb_auth_group` `g` ON `a`.`group_id`=`g`.`id` WHERE  (  a.uid='1' and g.status='1' ) [ RunTime:0.001000s ]
[ sql ] [ SQL ] SHOW COLUMNS FROM `tb_auth_rule` [ RunTime:0.003000s ]
[ sql ] [ SQL ] SELECT * FROM `tb_auth_rule` WHERE  `id` IN (1,2,3,4,5,6,7,8,9,10,23,24,25,11,12,15,14,16,17,18,19,20,21,22,0)  AND `type` = 1  AND `status` = 1 [ RunTime:0.001000s ]
[ sql ] [ SQL ] SHOW COLUMNS FROM `tb_feedback` [ RunTime:0.004000s ]
[ sql ] [ SQL ] SELECT COUNT(*) AS tp_count FROM `tb_feedback` WHERE  `parent_id` = 0 LIMIT 1 [ RunTime:0.000000s ]
[ sql ] [ SQL ] SELECT * FROM `tb_feedback` WHERE  `parent_id` = 0 ORDER BY update_time DESC LIMIT 0,15 [ RunTime:0.000000s ]
---------------------------------------------------------------
[ 2020-05-19T21:15:00+08:00 ] 127.0.0.1 GET /uploads//uploads/20200210/46c026d461529c687af5d92fe02f145d.png
[ info ] local.daocaoren/uploads//uploads/20200210/46c026d461529c687af5d92fe02f145d.png [运行时间：0.024002s][吞吐率：41.66req/s] [内存消耗：1,589.23kb] [文件加载：41]
[ info ] [ LANG ] D:\soft\xampp\htdocs\daocaoren\thinkphp\lang\zh-cn.php
[ info ] [ ROUTE ] array (
  'type' => 'module',
  'module' => 
  array (
    0 => 'uploads',
    1 => 'uploads',
    2 => '20200210',
  ),
)
[ info ] [ HEADER ] array (
  'host' => 'local.daocaoren',
  'connection' => 'keep-alive',
  'user-agent' => 'Mozilla/5.0 (Windows NT 6.1; Win64; x64) AppleWebKit/537.36 (KHTML, like Gecko) Chrome/81.0.4044.138 Safari/537.36',
  'accept' => 'image/webp,image/apng,image/*,*/*;q=0.8',
  'referer' => 'http://local.daocaoren/admin/feedback/index.html',
  'accept-encoding' => 'gzip, deflate',
  'accept-language' => 'zh-CN,zh;q=0.9,en;q=0.8',
  'cookie' => 'PHPSESSID=etlfpf18es59sojef0pdi83mjd; administrator=eyJpZCI6MSwidXNlcm5hbWUiOiJhZG1pbiIsInBhc3N3b3JkIjoiNmUxZGRiYTMxMzJmMGYxNWQ0ZGYyYjA1YWY3ZWI0N2QiLCJzYWx0IjoieTJBRHcyUGQiLCJnZW5kZXIiOjAsImxldmVsIjowLCJiaXJ0aGRheSI6MCwibmlja25hbWUiOiLlrZnlrZDmtakiLCJtb2JpbGUiOiIiLCJlbWFpbCI6IiIsImF2YXRhciI6IlwvdXBsb2Fkc1wvMjAyMDAyMTBcLzQ2YzAyNmQ0NjE1MjljNjg3YWY1ZDkyZmUwMmYxNDVkLnBuZyIsImlzX2NoZWNrIjoxLCJsYXN0X2xvZ2luX2lwIjoiIiwibGFzdF9sb2dpbl90aW1lIjowLCJ1cGRhdGVfdGltZSI6IjIwMjAtMDUtMTggMjI6MDk6MzYiLCJjcmVhdGVfdGltZSI6IjE5NzAtMDEtMDEgMDg6MDA6MDAifQ%3D%3D',
)
[ info ] [ PARAM ] array (
)
[ info ] [ LOG ] INIT File
---------------------------------------------------------------
[ 2020-05-19T21:17:03+08:00 ] 127.0.0.1 GET /admin/feedback/index.html
[ info ] local.daocaoren/admin/feedback/index.html [运行时间：0.067004s][吞吐率：14.92req/s] [内存消耗：3,723.65kb] [文件加载：70]
[ info ] [ LANG ] D:\soft\xampp\htdocs\daocaoren\thinkphp\lang\zh-cn.php
[ info ] [ ROUTE ] array (
  'type' => 'module',
  'module' => 
  array (
    0 => 'admin',
    1 => 'feedback',
    2 => 'index',
  ),
)
[ info ] [ HEADER ] array (
  'host' => 'local.daocaoren',
  'connection' => 'keep-alive',
  'cache-control' => 'max-age=0',
  'upgrade-insecure-requests' => '1',
  'user-agent' => 'Mozilla/5.0 (Windows NT 6.1; Win64; x64) AppleWebKit/537.36 (KHTML, like Gecko) Chrome/81.0.4044.138 Safari/537.36',
  'accept' => 'text/html,application/xhtml+xml,application/xml;q=0.9,image/webp,image/apng,*/*;q=0.8,application/signed-exchange;v=b3;q=0.9',
  'referer' => 'http://local.daocaoren/admin/auth_rule/index.html',
  'accept-encoding' => 'gzip, deflate',
  'accept-language' => 'zh-CN,zh;q=0.9,en;q=0.8',
  'cookie' => 'PHPSESSID=etlfpf18es59sojef0pdi83mjd; administrator=eyJpZCI6MSwidXNlcm5hbWUiOiJhZG1pbiIsInBhc3N3b3JkIjoiNmUxZGRiYTMxMzJmMGYxNWQ0ZGYyYjA1YWY3ZWI0N2QiLCJzYWx0IjoieTJBRHcyUGQiLCJnZW5kZXIiOjAsImxldmVsIjowLCJiaXJ0aGRheSI6MCwibmlja25hbWUiOiLlrZnlrZDmtakiLCJtb2JpbGUiOiIiLCJlbWFpbCI6IiIsImF2YXRhciI6IlwvdXBsb2Fkc1wvMjAyMDAyMTBcLzQ2YzAyNmQ0NjE1MjljNjg3YWY1ZDkyZmUwMmYxNDVkLnBuZyIsImlzX2NoZWNrIjoxLCJsYXN0X2xvZ2luX2lwIjoiIiwibGFzdF9sb2dpbl90aW1lIjowLCJ1cGRhdGVfdGltZSI6IjIwMjAtMDUtMTggMjI6MDk6MzYiLCJjcmVhdGVfdGltZSI6IjE5NzAtMDEtMDEgMDg6MDA6MDAifQ%3D%3D',
)
[ info ] [ PARAM ] array (
)
[ info ] [ CACHE ] INIT File
[ info ] [ DB ] INIT mysql
[ info ] [ RUN ] app\admin\controller\Feedback->index[ D:\soft\xampp\htdocs\daocaoren\app\admin\controller\Feedback.php ]
[ info ] [ VIEW ] ./views/admin/pc/feedback\index.phtml [ array (
  0 => 'controller',
  1 => 'action',
  2 => 'admin',
  3 => 'treeMenu',
  4 => 'list',
  5 => 'pager',
  6 => 'total',
) ]
[ info ] [ LOG ] INIT File
[ sql ] [ DB ] CONNECT:[ UseTime:0.001000s ] mysql:host=localhost;port=3306;dbname=weikerenwu;charset=utf8
[ sql ] [ SQL ] SHOW COLUMNS FROM `tb_auth_group_access` [ RunTime:0.003000s ]
[ sql ] [ SQL ] SELECT * FROM `tb_auth_group_access` `a` INNER JOIN `tb_auth_group` `g` ON `a`.`group_id`=`g`.`id` WHERE  (  a.uid='1' and g.status='1' ) [ RunTime:0.001000s ]
[ sql ] [ SQL ] SHOW COLUMNS FROM `tb_auth_rule` [ RunTime:0.003000s ]
[ sql ] [ SQL ] SELECT * FROM `tb_auth_rule` WHERE  `id` IN (1,2,3,4,5,6,7,8,9,10,23,24,25,11,12,15,14,16,17,18,19,20,21,22,0)  AND `type` = 1  AND `status` = 1 [ RunTime:0.000000s ]
[ sql ] [ SQL ] SHOW COLUMNS FROM `tb_feedback` [ RunTime:0.003000s ]
[ sql ] [ SQL ] SELECT COUNT(*) AS tp_count FROM `tb_feedback` WHERE  `parent_id` = 0 LIMIT 1 [ RunTime:0.000000s ]
[ sql ] [ SQL ] SELECT * FROM `tb_feedback` WHERE  `parent_id` = 0 ORDER BY update_time DESC LIMIT 0,15 [ RunTime:0.001000s ]
---------------------------------------------------------------
[ 2020-05-19T21:17:03+08:00 ] 127.0.0.1 GET /uploads//uploads/20200210/46c026d461529c687af5d92fe02f145d.png
[ info ] local.daocaoren/uploads//uploads/20200210/46c026d461529c687af5d92fe02f145d.png [运行时间：0.030002s][吞吐率：33.33req/s] [内存消耗：1,589.23kb] [文件加载：41]
[ info ] [ LANG ] D:\soft\xampp\htdocs\daocaoren\thinkphp\lang\zh-cn.php
[ info ] [ ROUTE ] array (
  'type' => 'module',
  'module' => 
  array (
    0 => 'uploads',
    1 => 'uploads',
    2 => '20200210',
  ),
)
[ info ] [ HEADER ] array (
  'host' => 'local.daocaoren',
  'connection' => 'keep-alive',
  'user-agent' => 'Mozilla/5.0 (Windows NT 6.1; Win64; x64) AppleWebKit/537.36 (KHTML, like Gecko) Chrome/81.0.4044.138 Safari/537.36',
  'accept' => 'image/webp,image/apng,image/*,*/*;q=0.8',
  'referer' => 'http://local.daocaoren/admin/feedback/index.html',
  'accept-encoding' => 'gzip, deflate',
  'accept-language' => 'zh-CN,zh;q=0.9,en;q=0.8',
  'cookie' => 'PHPSESSID=etlfpf18es59sojef0pdi83mjd; administrator=eyJpZCI6MSwidXNlcm5hbWUiOiJhZG1pbiIsInBhc3N3b3JkIjoiNmUxZGRiYTMxMzJmMGYxNWQ0ZGYyYjA1YWY3ZWI0N2QiLCJzYWx0IjoieTJBRHcyUGQiLCJnZW5kZXIiOjAsImxldmVsIjowLCJiaXJ0aGRheSI6MCwibmlja25hbWUiOiLlrZnlrZDmtakiLCJtb2JpbGUiOiIiLCJlbWFpbCI6IiIsImF2YXRhciI6IlwvdXBsb2Fkc1wvMjAyMDAyMTBcLzQ2YzAyNmQ0NjE1MjljNjg3YWY1ZDkyZmUwMmYxNDVkLnBuZyIsImlzX2NoZWNrIjoxLCJsYXN0X2xvZ2luX2lwIjoiIiwibGFzdF9sb2dpbl90aW1lIjowLCJ1cGRhdGVfdGltZSI6IjIwMjAtMDUtMTggMjI6MDk6MzYiLCJjcmVhdGVfdGltZSI6IjE5NzAtMDEtMDEgMDg6MDA6MDAifQ%3D%3D',
)
[ info ] [ PARAM ] array (
)
[ info ] [ LOG ] INIT File
---------------------------------------------------------------
[ 2020-05-19T21:17:46+08:00 ] 127.0.0.1 GET /admin/feedback/index.html
[ info ] local.daocaoren/admin/feedback/index.html [运行时间：0.077005s][吞吐率：12.99req/s] [内存消耗：3,722.65kb] [文件加载：70]
[ info ] [ LANG ] D:\soft\xampp\htdocs\daocaoren\thinkphp\lang\zh-cn.php
[ info ] [ ROUTE ] array (
  'type' => 'module',
  'module' => 
  array (
    0 => 'admin',
    1 => 'feedback',
    2 => 'index',
  ),
)
[ info ] [ HEADER ] array (
  'host' => 'local.daocaoren',
  'connection' => 'keep-alive',
  'cache-control' => 'max-age=0',
  'upgrade-insecure-requests' => '1',
  'user-agent' => 'Mozilla/5.0 (Windows NT 6.1; Win64; x64) AppleWebKit/537.36 (KHTML, like Gecko) Chrome/81.0.4044.138 Safari/537.36',
  'accept' => 'text/html,application/xhtml+xml,application/xml;q=0.9,image/webp,image/apng,*/*;q=0.8,application/signed-exchange;v=b3;q=0.9',
  'referer' => 'http://local.daocaoren/admin/auth_rule/index.html',
  'accept-encoding' => 'gzip, deflate',
  'accept-language' => 'zh-CN,zh;q=0.9,en;q=0.8',
  'cookie' => 'PHPSESSID=etlfpf18es59sojef0pdi83mjd; administrator=eyJpZCI6MSwidXNlcm5hbWUiOiJhZG1pbiIsInBhc3N3b3JkIjoiNmUxZGRiYTMxMzJmMGYxNWQ0ZGYyYjA1YWY3ZWI0N2QiLCJzYWx0IjoieTJBRHcyUGQiLCJnZW5kZXIiOjAsImxldmVsIjowLCJiaXJ0aGRheSI6MCwibmlja25hbWUiOiLlrZnlrZDmtakiLCJtb2JpbGUiOiIiLCJlbWFpbCI6IiIsImF2YXRhciI6IlwvdXBsb2Fkc1wvMjAyMDAyMTBcLzQ2YzAyNmQ0NjE1MjljNjg3YWY1ZDkyZmUwMmYxNDVkLnBuZyIsImlzX2NoZWNrIjoxLCJsYXN0X2xvZ2luX2lwIjoiIiwibGFzdF9sb2dpbl90aW1lIjowLCJ1cGRhdGVfdGltZSI6IjIwMjAtMDUtMTggMjI6MDk6MzYiLCJjcmVhdGVfdGltZSI6IjE5NzAtMDEtMDEgMDg6MDA6MDAifQ%3D%3D',
)
[ info ] [ PARAM ] array (
)
[ info ] [ CACHE ] INIT File
[ info ] [ DB ] INIT mysql
[ info ] [ RUN ] app\admin\controller\Feedback->index[ D:\soft\xampp\htdocs\daocaoren\app\admin\controller\Feedback.php ]
[ info ] [ VIEW ] ./views/admin/pc/feedback\index.phtml [ array (
  0 => 'controller',
  1 => 'action',
  2 => 'admin',
  3 => 'treeMenu',
  4 => 'list',
  5 => 'pager',
  6 => 'total',
) ]
[ info ] [ LOG ] INIT File
[ sql ] [ DB ] CONNECT:[ UseTime:0.010001s ] mysql:host=localhost;port=3306;dbname=weikerenwu;charset=utf8
[ sql ] [ SQL ] SHOW COLUMNS FROM `tb_auth_group_access` [ RunTime:0.004000s ]
[ sql ] [ SQL ] SELECT * FROM `tb_auth_group_access` `a` INNER JOIN `tb_auth_group` `g` ON `a`.`group_id`=`g`.`id` WHERE  (  a.uid='1' and g.status='1' ) [ RunTime:0.001000s ]
[ sql ] [ SQL ] SHOW COLUMNS FROM `tb_auth_rule` [ RunTime:0.003001s ]
[ sql ] [ SQL ] SELECT * FROM `tb_auth_rule` WHERE  `id` IN (1,2,3,4,5,6,7,8,9,10,23,24,25,11,12,15,14,16,17,18,19,20,21,22,0)  AND `type` = 1  AND `status` = 1 [ RunTime:0.001000s ]
[ sql ] [ SQL ] SHOW COLUMNS FROM `tb_feedback` [ RunTime:0.003000s ]
[ sql ] [ SQL ] SELECT COUNT(*) AS tp_count FROM `tb_feedback` WHERE  `parent_id` = 0 LIMIT 1 [ RunTime:0.001000s ]
[ sql ] [ SQL ] SELECT * FROM `tb_feedback` WHERE  `parent_id` = 0 ORDER BY update_time DESC LIMIT 0,15 [ RunTime:0.001000s ]
---------------------------------------------------------------
[ 2020-05-19T21:17:46+08:00 ] 127.0.0.1 GET /uploads//uploads/20200210/46c026d461529c687af5d92fe02f145d.png
[ info ] local.daocaoren/uploads//uploads/20200210/46c026d461529c687af5d92fe02f145d.png [运行时间：0.031002s][吞吐率：32.26req/s] [内存消耗：1,589.23kb] [文件加载：41]
[ info ] [ LANG ] D:\soft\xampp\htdocs\daocaoren\thinkphp\lang\zh-cn.php
[ info ] [ ROUTE ] array (
  'type' => 'module',
  'module' => 
  array (
    0 => 'uploads',
    1 => 'uploads',
    2 => '20200210',
  ),
)
[ info ] [ HEADER ] array (
  'host' => 'local.daocaoren',
  'connection' => 'keep-alive',
  'user-agent' => 'Mozilla/5.0 (Windows NT 6.1; Win64; x64) AppleWebKit/537.36 (KHTML, like Gecko) Chrome/81.0.4044.138 Safari/537.36',
  'accept' => 'image/webp,image/apng,image/*,*/*;q=0.8',
  'referer' => 'http://local.daocaoren/admin/feedback/index.html',
  'accept-encoding' => 'gzip, deflate',
  'accept-language' => 'zh-CN,zh;q=0.9,en;q=0.8',
  'cookie' => 'PHPSESSID=etlfpf18es59sojef0pdi83mjd; administrator=eyJpZCI6MSwidXNlcm5hbWUiOiJhZG1pbiIsInBhc3N3b3JkIjoiNmUxZGRiYTMxMzJmMGYxNWQ0ZGYyYjA1YWY3ZWI0N2QiLCJzYWx0IjoieTJBRHcyUGQiLCJnZW5kZXIiOjAsImxldmVsIjowLCJiaXJ0aGRheSI6MCwibmlja25hbWUiOiLlrZnlrZDmtakiLCJtb2JpbGUiOiIiLCJlbWFpbCI6IiIsImF2YXRhciI6IlwvdXBsb2Fkc1wvMjAyMDAyMTBcLzQ2YzAyNmQ0NjE1MjljNjg3YWY1ZDkyZmUwMmYxNDVkLnBuZyIsImlzX2NoZWNrIjoxLCJsYXN0X2xvZ2luX2lwIjoiIiwibGFzdF9sb2dpbl90aW1lIjowLCJ1cGRhdGVfdGltZSI6IjIwMjAtMDUtMTggMjI6MDk6MzYiLCJjcmVhdGVfdGltZSI6IjE5NzAtMDEtMDEgMDg6MDA6MDAifQ%3D%3D',
)
[ info ] [ PARAM ] array (
)
[ info ] [ LOG ] INIT File
---------------------------------------------------------------
[ 2020-05-19T21:17:53+08:00 ] 127.0.0.1 GET /admin/banner/index.html
[ info ] local.daocaoren/admin/banner/index.html [运行时间：0.059003s][吞吐率：16.95req/s] [内存消耗：3,715.71kb] [文件加载：70]
[ info ] [ LANG ] D:\soft\xampp\htdocs\daocaoren\thinkphp\lang\zh-cn.php
[ info ] [ ROUTE ] array (
  'type' => 'module',
  'module' => 
  array (
    0 => 'admin',
    1 => 'banner',
    2 => 'index',
  ),
)
[ info ] [ HEADER ] array (
  'host' => 'local.daocaoren',
  'connection' => 'keep-alive',
  'upgrade-insecure-requests' => '1',
  'user-agent' => 'Mozilla/5.0 (Windows NT 6.1; Win64; x64) AppleWebKit/537.36 (KHTML, like Gecko) Chrome/81.0.4044.138 Safari/537.36',
  'accept' => 'text/html,application/xhtml+xml,application/xml;q=0.9,image/webp,image/apng,*/*;q=0.8,application/signed-exchange;v=b3;q=0.9',
  'referer' => 'http://local.daocaoren/admin/feedback/index.html',
  'accept-encoding' => 'gzip, deflate',
  'accept-language' => 'zh-CN,zh;q=0.9,en;q=0.8',
  'cookie' => 'PHPSESSID=etlfpf18es59sojef0pdi83mjd; administrator=eyJpZCI6MSwidXNlcm5hbWUiOiJhZG1pbiIsInBhc3N3b3JkIjoiNmUxZGRiYTMxMzJmMGYxNWQ0ZGYyYjA1YWY3ZWI0N2QiLCJzYWx0IjoieTJBRHcyUGQiLCJnZW5kZXIiOjAsImxldmVsIjowLCJiaXJ0aGRheSI6MCwibmlja25hbWUiOiLlrZnlrZDmtakiLCJtb2JpbGUiOiIiLCJlbWFpbCI6IiIsImF2YXRhciI6IlwvdXBsb2Fkc1wvMjAyMDAyMTBcLzQ2YzAyNmQ0NjE1MjljNjg3YWY1ZDkyZmUwMmYxNDVkLnBuZyIsImlzX2NoZWNrIjoxLCJsYXN0X2xvZ2luX2lwIjoiIiwibGFzdF9sb2dpbl90aW1lIjowLCJ1cGRhdGVfdGltZSI6IjIwMjAtMDUtMTggMjI6MDk6MzYiLCJjcmVhdGVfdGltZSI6IjE5NzAtMDEtMDEgMDg6MDA6MDAifQ%3D%3D',
)
[ info ] [ PARAM ] array (
)
[ info ] [ CACHE ] INIT File
[ info ] [ DB ] INIT mysql
[ info ] [ RUN ] app\admin\controller\Banner->index[ D:\soft\xampp\htdocs\daocaoren\app\admin\controller\Banner.php ]
[ info ] [ VIEW ] ./views/admin/pc/banner\index.phtml [ array (
  0 => 'controller',
  1 => 'action',
  2 => 'admin',
  3 => 'treeMenu',
  4 => 'list',
  5 => 'pager',
) ]
[ info ] [ LOG ] INIT File
[ sql ] [ DB ] CONNECT:[ UseTime:0.002000s ] mysql:host=localhost;port=3306;dbname=weikerenwu;charset=utf8
[ sql ] [ SQL ] SHOW COLUMNS FROM `tb_auth_group_access` [ RunTime:0.003000s ]
[ sql ] [ SQL ] SELECT * FROM `tb_auth_group_access` `a` INNER JOIN `tb_auth_group` `g` ON `a`.`group_id`=`g`.`id` WHERE  (  a.uid='1' and g.status='1' ) [ RunTime:0.000000s ]
[ sql ] [ SQL ] SHOW COLUMNS FROM `tb_auth_rule` [ RunTime:0.003000s ]
[ sql ] [ SQL ] SELECT * FROM `tb_auth_rule` WHERE  `id` IN (1,2,3,4,5,6,7,8,9,10,23,24,25,11,12,15,14,16,17,18,19,20,21,22,0)  AND `type` = 1  AND `status` = 1 [ RunTime:0.001000s ]
[ sql ] [ SQL ] SHOW COLUMNS FROM `tb_banner` [ RunTime:0.003001s ]
[ sql ] [ SQL ] SELECT COUNT(*) AS tp_count FROM `tb_banner` LIMIT 1 [ RunTime:0.000000s ]
[ sql ] [ SQL ] SELECT * FROM `tb_banner` ORDER BY order_by desc LIMIT 0,15 [ RunTime:0.000000s ]
---------------------------------------------------------------
[ 2020-05-19T21:17:53+08:00 ] 127.0.0.1 GET /uploads//uploads/20200210/46c026d461529c687af5d92fe02f145d.png
[ info ] local.daocaoren/uploads//uploads/20200210/46c026d461529c687af5d92fe02f145d.png [运行时间：0.026002s][吞吐率：38.46req/s] [内存消耗：1,589.23kb] [文件加载：41]
[ info ] [ LANG ] D:\soft\xampp\htdocs\daocaoren\thinkphp\lang\zh-cn.php
[ info ] [ ROUTE ] array (
  'type' => 'module',
  'module' => 
  array (
    0 => 'uploads',
    1 => 'uploads',
    2 => '20200210',
  ),
)
[ info ] [ HEADER ] array (
  'host' => 'local.daocaoren',
  'connection' => 'keep-alive',
  'user-agent' => 'Mozilla/5.0 (Windows NT 6.1; Win64; x64) AppleWebKit/537.36 (KHTML, like Gecko) Chrome/81.0.4044.138 Safari/537.36',
  'accept' => 'image/webp,image/apng,image/*,*/*;q=0.8',
  'referer' => 'http://local.daocaoren/admin/banner/index.html',
  'accept-encoding' => 'gzip, deflate',
  'accept-language' => 'zh-CN,zh;q=0.9,en;q=0.8',
  'cookie' => 'PHPSESSID=etlfpf18es59sojef0pdi83mjd; administrator=eyJpZCI6MSwidXNlcm5hbWUiOiJhZG1pbiIsInBhc3N3b3JkIjoiNmUxZGRiYTMxMzJmMGYxNWQ0ZGYyYjA1YWY3ZWI0N2QiLCJzYWx0IjoieTJBRHcyUGQiLCJnZW5kZXIiOjAsImxldmVsIjowLCJiaXJ0aGRheSI6MCwibmlja25hbWUiOiLlrZnlrZDmtakiLCJtb2JpbGUiOiIiLCJlbWFpbCI6IiIsImF2YXRhciI6IlwvdXBsb2Fkc1wvMjAyMDAyMTBcLzQ2YzAyNmQ0NjE1MjljNjg3YWY1ZDkyZmUwMmYxNDVkLnBuZyIsImlzX2NoZWNrIjoxLCJsYXN0X2xvZ2luX2lwIjoiIiwibGFzdF9sb2dpbl90aW1lIjowLCJ1cGRhdGVfdGltZSI6IjIwMjAtMDUtMTggMjI6MDk6MzYiLCJjcmVhdGVfdGltZSI6IjE5NzAtMDEtMDEgMDg6MDA6MDAifQ%3D%3D',
)
[ info ] [ PARAM ] array (
)
[ info ] [ LOG ] INIT File
---------------------------------------------------------------
[ 2020-05-19T21:18:00+08:00 ] 127.0.0.1 GET /
[ info ] local.daocaoren/ [运行时间：0.089005s][吞吐率：11.24req/s] [内存消耗：3,445.65kb] [文件加载：69]
[ info ] [ LANG ] D:\soft\xampp\htdocs\daocaoren\thinkphp\lang\zh-cn.php
[ info ] [ ROUTE ] array (
  'type' => 'module',
  'module' => 
  array (
    0 => '',
    1 => NULL,
    2 => NULL,
  ),
)
[ info ] [ HEADER ] array (
  'host' => 'local.daocaoren',
  'connection' => 'keep-alive',
  'upgrade-insecure-requests' => '1',
  'user-agent' => 'Mozilla/5.0 (Windows NT 6.1; Win64; x64) AppleWebKit/537.36 (KHTML, like Gecko) Chrome/81.0.4044.138 Safari/537.36',
  'accept' => 'text/html,application/xhtml+xml,application/xml;q=0.9,image/webp,image/apng,*/*;q=0.8,application/signed-exchange;v=b3;q=0.9',
  'accept-encoding' => 'gzip, deflate',
  'accept-language' => 'zh-CN,zh;q=0.9,en;q=0.8',
  'cookie' => 'PHPSESSID=etlfpf18es59sojef0pdi83mjd; administrator=eyJpZCI6MSwidXNlcm5hbWUiOiJhZG1pbiIsInBhc3N3b3JkIjoiNmUxZGRiYTMxMzJmMGYxNWQ0ZGYyYjA1YWY3ZWI0N2QiLCJzYWx0IjoieTJBRHcyUGQiLCJnZW5kZXIiOjAsImxldmVsIjowLCJiaXJ0aGRheSI6MCwibmlja25hbWUiOiLlrZnlrZDmtakiLCJtb2JpbGUiOiIiLCJlbWFpbCI6IiIsImF2YXRhciI6IlwvdXBsb2Fkc1wvMjAyMDAyMTBcLzQ2YzAyNmQ0NjE1MjljNjg3YWY1ZDkyZmUwMmYxNDVkLnBuZyIsImlzX2NoZWNrIjoxLCJsYXN0X2xvZ2luX2lwIjoiIiwibGFzdF9sb2dpbl90aW1lIjowLCJ1cGRhdGVfdGltZSI6IjIwMjAtMDUtMTggMjI6MDk6MzYiLCJjcmVhdGVfdGltZSI6IjE5NzAtMDEtMDEgMDg6MDA6MDAifQ%3D%3D',
)
[ info ] [ PARAM ] array (
)
[ info ] [ DB ] INIT mysql
[ info ] [ RUN ] app\home\controller\Index->index[ D:\soft\xampp\htdocs\daocaoren\app\home\controller\Index.php ]
[ info ] [ VIEW ] ./views/home/mobile/index\index.phtml [ array (
  0 => 'controller',
  1 => 'action',
  2 => 'site',
  3 => 'member',
  4 => 'categories',
  5 => 'banners',
  6 => 'notices',
  7 => 'withdraws',
  8 => 'today_credit1',
  9 => 'today_credit2',
  10 => 'tasks',
  11 => 'pageCount',
) ]
[ info ] [ LOG ] INIT File
[ sql ] [ DB ] CONNECT:[ UseTime:0.002000s ] mysql:host=localhost;port=3306;dbname=weikerenwu;charset=utf8
[ sql ] [ SQL ] SHOW COLUMNS FROM `tb_config` [ RunTime:0.004001s ]
[ sql ] [ SQL ] SELECT * FROM `tb_config` LIMIT 1 [ RunTime:0.001000s ]
[ sql ] [ SQL ] SHOW COLUMNS FROM `tb_task_category` [ RunTime:0.004000s ]
[ sql ] [ SQL ] SELECT * FROM `tb_task_category` ORDER BY order_by desc LIMIT 0,100 [ RunTime:0.001000s ]
[ sql ] [ SQL ] SELECT SUM((give_credit2-fee)/ticket_num) AS credit2,SUM(give_credit1/ticket_num) AS credit1 FROM tb_task WHERE is_complete=0 AND is_display=1 AND check_period*3600+create_time<1589894280 AND start_time<1589894280 AND end_time>1589894280 [ RunTime:0.002000s ]
[ sql ] [ SQL ] SHOW COLUMNS FROM `tb_banner` [ RunTime:0.005001s ]
[ sql ] [ SQL ] SELECT * FROM `tb_banner` WHERE  `is_display` = 1 ORDER BY order_by desc LIMIT 10 [ RunTime:0.000000s ]
[ sql ] [ SQL ] SHOW COLUMNS FROM `tb_notice` [ RunTime:0.004000s ]
[ sql ] [ SQL ] SELECT * FROM `tb_notice` WHERE  `is_display` = 1 ORDER BY order_by desc,id desc LIMIT 10 [ RunTime:0.000000s ]
[ sql ] [ SQL ] SHOW COLUMNS FROM `tb_withdraw` [ RunTime:0.004000s ]
[ sql ] [ SQL ] SELECT * FROM `tb_withdraw` WHERE  `status` = 1 ORDER BY id DESC LIMIT 0,10 [ RunTime:0.001000s ]
[ sql ] [ SQL ] SELECT * FROM tb_task WHERE is_complete=0 AND is_display=1 AND check_period_time<1589894280 AND start_time<1589894280 AND end_time>1589894280 ORDER BY top_end_time DESC, end_time ASC, id DESC LIMIT 0,15 [ RunTime:0.001000s ]
[ sql ] [ SQL ] SELECT COUNT(1) AS num FROM tb_task WHERE is_complete=0 AND is_display=1 AND check_period_time<1589894280 AND start_time<1589894280 AND end_time>1589894280 [ RunTime:0.001000s ]
---------------------------------------------------------------
[ 2020-05-19T21:18:03+08:00 ] 127.0.0.1 GET /static/home/mobile/js/maps/swiper.min.js.map
[ info ] local.daocaoren/static/home/mobile/js/maps/swiper.min.js.map [运行时间：0.029002s][吞吐率：34.48req/s] [内存消耗：1,588.25kb] [文件加载：41]
[ info ] [ LANG ] D:\soft\xampp\htdocs\daocaoren\thinkphp\lang\zh-cn.php
[ info ] [ ROUTE ] array (
  'type' => 'module',
  'module' => 
  array (
    0 => 'static',
    1 => 'home',
    2 => 'mobile',
  ),
)
[ info ] [ HEADER ] array (
  'host' => 'local.daocaoren',
  'connection' => 'keep-alive',
  'user-agent' => 'Mozilla/5.0 (Windows NT 6.1; Win64; x64) AppleWebKit/537.36 (KHTML, like Gecko) Chrome/81.0.4044.138 Safari/537.36',
  'accept-encoding' => 'gzip, deflate',
  'accept-language' => 'zh-CN,zh;q=0.9,en;q=0.8',
  'cookie' => 'PHPSESSID=etlfpf18es59sojef0pdi83mjd; administrator=eyJpZCI6MSwidXNlcm5hbWUiOiJhZG1pbiIsInBhc3N3b3JkIjoiNmUxZGRiYTMxMzJmMGYxNWQ0ZGYyYjA1YWY3ZWI0N2QiLCJzYWx0IjoieTJBRHcyUGQiLCJnZW5kZXIiOjAsImxldmVsIjowLCJiaXJ0aGRheSI6MCwibmlja25hbWUiOiLlrZnlrZDmtakiLCJtb2JpbGUiOiIiLCJlbWFpbCI6IiIsImF2YXRhciI6IlwvdXBsb2Fkc1wvMjAyMDAyMTBcLzQ2YzAyNmQ0NjE1MjljNjg3YWY1ZDkyZmUwMmYxNDVkLnBuZyIsImlzX2NoZWNrIjoxLCJsYXN0X2xvZ2luX2lwIjoiIiwibGFzdF9sb2dpbl90aW1lIjowLCJ1cGRhdGVfdGltZSI6IjIwMjAtMDUtMTggMjI6MDk6MzYiLCJjcmVhdGVfdGltZSI6IjE5NzAtMDEtMDEgMDg6MDA6MDAifQ%3D%3D',
)
[ info ] [ PARAM ] array (
  'js' => 'maps',
)
[ info ] [ LOG ] INIT File
---------------------------------------------------------------
[ 2020-05-19T21:18:03+08:00 ] 127.0.0.1 GET /static/home/mobile/css/bootstrap.css.map
[ info ] local.daocaoren/static/home/mobile/css/bootstrap.css.map [运行时间：0.024001s][吞吐率：41.66req/s] [内存消耗：1,588.28kb] [文件加载：41]
[ info ] [ LANG ] D:\soft\xampp\htdocs\daocaoren\thinkphp\lang\zh-cn.php
[ info ] [ ROUTE ] array (
  'type' => 'module',
  'module' => 
  array (
    0 => 'static',
    1 => 'home',
    2 => 'mobile',
  ),
)
[ info ] [ HEADER ] array (
  'host' => 'local.daocaoren',
  'connection' => 'keep-alive',
  'user-agent' => 'Mozilla/5.0 (Windows NT 6.1; Win64; x64) AppleWebKit/537.36 (KHTML, like Gecko) Chrome/81.0.4044.138 Safari/537.36',
  'accept-encoding' => 'gzip, deflate',
  'accept-language' => 'zh-CN,zh;q=0.9,en;q=0.8',
  'cookie' => 'PHPSESSID=etlfpf18es59sojef0pdi83mjd; administrator=eyJpZCI6MSwidXNlcm5hbWUiOiJhZG1pbiIsInBhc3N3b3JkIjoiNmUxZGRiYTMxMzJmMGYxNWQ0ZGYyYjA1YWY3ZWI0N2QiLCJzYWx0IjoieTJBRHcyUGQiLCJnZW5kZXIiOjAsImxldmVsIjowLCJiaXJ0aGRheSI6MCwibmlja25hbWUiOiLlrZnlrZDmtakiLCJtb2JpbGUiOiIiLCJlbWFpbCI6IiIsImF2YXRhciI6IlwvdXBsb2Fkc1wvMjAyMDAyMTBcLzQ2YzAyNmQ0NjE1MjljNjg3YWY1ZDkyZmUwMmYxNDVkLnBuZyIsImlzX2NoZWNrIjoxLCJsYXN0X2xvZ2luX2lwIjoiIiwibGFzdF9sb2dpbl90aW1lIjowLCJ1cGRhdGVfdGltZSI6IjIwMjAtMDUtMTggMjI6MDk6MzYiLCJjcmVhdGVfdGltZSI6IjE5NzAtMDEtMDEgMDg6MDA6MDAifQ%3D%3D',
)
[ info ] [ PARAM ] array (
  'css' => 'bootstrap.css.map',
)
[ info ] [ LOG ] INIT File
---------------------------------------------------------------
[ 2020-05-19T21:18:06+08:00 ] 127.0.0.1 GET /static/home/mobile/js/maps/swiper.min.js.map
[ info ] local.daocaoren/static/home/mobile/js/maps/swiper.min.js.map [运行时间：0.029002s][吞吐率：34.48req/s] [内存消耗：1,588.25kb] [文件加载：41]
[ info ] [ LANG ] D:\soft\xampp\htdocs\daocaoren\thinkphp\lang\zh-cn.php
[ info ] [ ROUTE ] array (
  'type' => 'module',
  'module' => 
  array (
    0 => 'static',
    1 => 'home',
    2 => 'mobile',
  ),
)
[ info ] [ HEADER ] array (
  'host' => 'local.daocaoren',
  'connection' => 'keep-alive',
  'user-agent' => 'Mozilla/5.0 (Windows NT 6.1; Win64; x64) AppleWebKit/537.36 (KHTML, like Gecko) Chrome/81.0.4044.138 Safari/537.36',
  'accept-encoding' => 'gzip, deflate',
  'accept-language' => 'zh-CN,zh;q=0.9,en;q=0.8',
  'cookie' => 'PHPSESSID=etlfpf18es59sojef0pdi83mjd; administrator=eyJpZCI6MSwidXNlcm5hbWUiOiJhZG1pbiIsInBhc3N3b3JkIjoiNmUxZGRiYTMxMzJmMGYxNWQ0ZGYyYjA1YWY3ZWI0N2QiLCJzYWx0IjoieTJBRHcyUGQiLCJnZW5kZXIiOjAsImxldmVsIjowLCJiaXJ0aGRheSI6MCwibmlja25hbWUiOiLlrZnlrZDmtakiLCJtb2JpbGUiOiIiLCJlbWFpbCI6IiIsImF2YXRhciI6IlwvdXBsb2Fkc1wvMjAyMDAyMTBcLzQ2YzAyNmQ0NjE1MjljNjg3YWY1ZDkyZmUwMmYxNDVkLnBuZyIsImlzX2NoZWNrIjoxLCJsYXN0X2xvZ2luX2lwIjoiIiwibGFzdF9sb2dpbl90aW1lIjowLCJ1cGRhdGVfdGltZSI6IjIwMjAtMDUtMTggMjI6MDk6MzYiLCJjcmVhdGVfdGltZSI6IjE5NzAtMDEtMDEgMDg6MDA6MDAifQ%3D%3D',
)
[ info ] [ PARAM ] array (
  'js' => 'maps',
)
[ info ] [ LOG ] INIT File
---------------------------------------------------------------
[ 2020-05-19T21:18:06+08:00 ] 127.0.0.1 GET /static/home/mobile/css/bootstrap.css.map
[ info ] local.daocaoren/static/home/mobile/css/bootstrap.css.map [运行时间：0.023002s][吞吐率：43.47req/s] [内存消耗：1,588.28kb] [文件加载：41]
[ info ] [ LANG ] D:\soft\xampp\htdocs\daocaoren\thinkphp\lang\zh-cn.php
[ info ] [ ROUTE ] array (
  'type' => 'module',
  'module' => 
  array (
    0 => 'static',
    1 => 'home',
    2 => 'mobile',
  ),
)
[ info ] [ HEADER ] array (
  'host' => 'local.daocaoren',
  'connection' => 'keep-alive',
  'user-agent' => 'Mozilla/5.0 (Windows NT 6.1; Win64; x64) AppleWebKit/537.36 (KHTML, like Gecko) Chrome/81.0.4044.138 Safari/537.36',
  'accept-encoding' => 'gzip, deflate',
  'accept-language' => 'zh-CN,zh;q=0.9,en;q=0.8',
  'cookie' => 'PHPSESSID=etlfpf18es59sojef0pdi83mjd; administrator=eyJpZCI6MSwidXNlcm5hbWUiOiJhZG1pbiIsInBhc3N3b3JkIjoiNmUxZGRiYTMxMzJmMGYxNWQ0ZGYyYjA1YWY3ZWI0N2QiLCJzYWx0IjoieTJBRHcyUGQiLCJnZW5kZXIiOjAsImxldmVsIjowLCJiaXJ0aGRheSI6MCwibmlja25hbWUiOiLlrZnlrZDmtakiLCJtb2JpbGUiOiIiLCJlbWFpbCI6IiIsImF2YXRhciI6IlwvdXBsb2Fkc1wvMjAyMDAyMTBcLzQ2YzAyNmQ0NjE1MjljNjg3YWY1ZDkyZmUwMmYxNDVkLnBuZyIsImlzX2NoZWNrIjoxLCJsYXN0X2xvZ2luX2lwIjoiIiwibGFzdF9sb2dpbl90aW1lIjowLCJ1cGRhdGVfdGltZSI6IjIwMjAtMDUtMTggMjI6MDk6MzYiLCJjcmVhdGVfdGltZSI6IjE5NzAtMDEtMDEgMDg6MDA6MDAifQ%3D%3D',
)
[ info ] [ PARAM ] array (
  'css' => 'bootstrap.css.map',
)
[ info ] [ LOG ] INIT File
---------------------------------------------------------------
[ 2020-05-19T21:18:10+08:00 ] 127.0.0.1 GET /static/home/mobile/js/maps/swiper.min.js.map
[ info ] local.daocaoren/static/home/mobile/js/maps/swiper.min.js.map [运行时间：0.029001s][吞吐率：34.48req/s] [内存消耗：1,588.47kb] [文件加载：41]
[ info ] [ LANG ] D:\soft\xampp\htdocs\daocaoren\thinkphp\lang\zh-cn.php
[ info ] [ ROUTE ] array (
  'type' => 'module',
  'module' => 
  array (
    0 => 'static',
    1 => 'home',
    2 => 'mobile',
  ),
)
[ info ] [ HEADER ] array (
  'host' => 'local.daocaoren',
  'connection' => 'keep-alive',
  'user-agent' => 'Mozilla/5.0 (iPhone; CPU iPhone OS 13_2_3 like Mac OS X) AppleWebKit/605.1.15 (KHTML, like Gecko) Version/13.0.3 Mobile/15E148 Safari/604.1',
  'accept-encoding' => 'gzip, deflate',
  'accept-language' => 'zh-CN,zh;q=0.9,en;q=0.8',
  'cookie' => 'PHPSESSID=etlfpf18es59sojef0pdi83mjd; administrator=eyJpZCI6MSwidXNlcm5hbWUiOiJhZG1pbiIsInBhc3N3b3JkIjoiNmUxZGRiYTMxMzJmMGYxNWQ0ZGYyYjA1YWY3ZWI0N2QiLCJzYWx0IjoieTJBRHcyUGQiLCJnZW5kZXIiOjAsImxldmVsIjowLCJiaXJ0aGRheSI6MCwibmlja25hbWUiOiLlrZnlrZDmtakiLCJtb2JpbGUiOiIiLCJlbWFpbCI6IiIsImF2YXRhciI6IlwvdXBsb2Fkc1wvMjAyMDAyMTBcLzQ2YzAyNmQ0NjE1MjljNjg3YWY1ZDkyZmUwMmYxNDVkLnBuZyIsImlzX2NoZWNrIjoxLCJsYXN0X2xvZ2luX2lwIjoiIiwibGFzdF9sb2dpbl90aW1lIjowLCJ1cGRhdGVfdGltZSI6IjIwMjAtMDUtMTggMjI6MDk6MzYiLCJjcmVhdGVfdGltZSI6IjE5NzAtMDEtMDEgMDg6MDA6MDAifQ%3D%3D',
)
[ info ] [ PARAM ] array (
  'js' => 'maps',
)
[ info ] [ LOG ] INIT File
---------------------------------------------------------------
[ 2020-05-19T21:18:10+08:00 ] 127.0.0.1 GET /static/home/mobile/css/bootstrap.css.map
[ info ] local.daocaoren/static/home/mobile/css/bootstrap.css.map [运行时间：0.034001s][吞吐率：29.41req/s] [内存消耗：1,588.50kb] [文件加载：41]
[ info ] [ LANG ] D:\soft\xampp\htdocs\daocaoren\thinkphp\lang\zh-cn.php
[ info ] [ ROUTE ] array (
  'type' => 'module',
  'module' => 
  array (
    0 => 'static',
    1 => 'home',
    2 => 'mobile',
  ),
)
[ info ] [ HEADER ] array (
  'host' => 'local.daocaoren',
  'connection' => 'keep-alive',
  'user-agent' => 'Mozilla/5.0 (iPhone; CPU iPhone OS 13_2_3 like Mac OS X) AppleWebKit/605.1.15 (KHTML, like Gecko) Version/13.0.3 Mobile/15E148 Safari/604.1',
  'accept-encoding' => 'gzip, deflate',
  'accept-language' => 'zh-CN,zh;q=0.9,en;q=0.8',
  'cookie' => 'PHPSESSID=etlfpf18es59sojef0pdi83mjd; administrator=eyJpZCI6MSwidXNlcm5hbWUiOiJhZG1pbiIsInBhc3N3b3JkIjoiNmUxZGRiYTMxMzJmMGYxNWQ0ZGYyYjA1YWY3ZWI0N2QiLCJzYWx0IjoieTJBRHcyUGQiLCJnZW5kZXIiOjAsImxldmVsIjowLCJiaXJ0aGRheSI6MCwibmlja25hbWUiOiLlrZnlrZDmtakiLCJtb2JpbGUiOiIiLCJlbWFpbCI6IiIsImF2YXRhciI6IlwvdXBsb2Fkc1wvMjAyMDAyMTBcLzQ2YzAyNmQ0NjE1MjljNjg3YWY1ZDkyZmUwMmYxNDVkLnBuZyIsImlzX2NoZWNrIjoxLCJsYXN0X2xvZ2luX2lwIjoiIiwibGFzdF9sb2dpbl90aW1lIjowLCJ1cGRhdGVfdGltZSI6IjIwMjAtMDUtMTggMjI6MDk6MzYiLCJjcmVhdGVfdGltZSI6IjE5NzAtMDEtMDEgMDg6MDA6MDAifQ%3D%3D',
)
[ info ] [ PARAM ] array (
  'css' => 'bootstrap.css.map',
)
[ info ] [ LOG ] INIT File
---------------------------------------------------------------
[ 2020-05-19T21:18:24+08:00 ] 127.0.0.1 GET /
[ info ] local.daocaoren/ [运行时间：0.082005s][吞吐率：12.19req/s] [内存消耗：3,287.31kb] [文件加载：67]
[ info ] [ LANG ] D:\soft\xampp\htdocs\daocaoren\thinkphp\lang\zh-cn.php
[ info ] [ ROUTE ] array (
  'type' => 'module',
  'module' => 
  array (
    0 => '',
    1 => NULL,
    2 => NULL,
  ),
)
[ info ] [ HEADER ] array (
  'host' => 'local.daocaoren',
  'connection' => 'keep-alive',
  'cache-control' => 'max-age=0',
  'upgrade-insecure-requests' => '1',
  'user-agent' => 'Mozilla/5.0 (Linux; Android 6.0.1; Moto G (4)) AppleWebKit/537.36 (KHTML, like Gecko) Chrome/81.0.4044.138 Mobile Safari/537.36',
  'accept' => 'text/html,application/xhtml+xml,application/xml;q=0.9,image/webp,image/apng,*/*;q=0.8,application/signed-exchange;v=b3;q=0.9',
  'accept-encoding' => 'gzip, deflate',
  'accept-language' => 'zh-CN,zh;q=0.9,en;q=0.8',
  'cookie' => 'PHPSESSID=etlfpf18es59sojef0pdi83mjd; administrator=eyJpZCI6MSwidXNlcm5hbWUiOiJhZG1pbiIsInBhc3N3b3JkIjoiNmUxZGRiYTMxMzJmMGYxNWQ0ZGYyYjA1YWY3ZWI0N2QiLCJzYWx0IjoieTJBRHcyUGQiLCJnZW5kZXIiOjAsImxldmVsIjowLCJiaXJ0aGRheSI6MCwibmlja25hbWUiOiLlrZnlrZDmtakiLCJtb2JpbGUiOiIiLCJlbWFpbCI6IiIsImF2YXRhciI6IlwvdXBsb2Fkc1wvMjAyMDAyMTBcLzQ2YzAyNmQ0NjE1MjljNjg3YWY1ZDkyZmUwMmYxNDVkLnBuZyIsImlzX2NoZWNrIjoxLCJsYXN0X2xvZ2luX2lwIjoiIiwibGFzdF9sb2dpbl90aW1lIjowLCJ1cGRhdGVfdGltZSI6IjIwMjAtMDUtMTggMjI6MDk6MzYiLCJjcmVhdGVfdGltZSI6IjE5NzAtMDEtMDEgMDg6MDA6MDAifQ%3D%3D',
)
[ info ] [ PARAM ] array (
)
[ info ] [ DB ] INIT mysql
[ info ] [ RUN ] app\home\controller\Index->index[ D:\soft\xampp\htdocs\daocaoren\app\home\controller\Index.php ]
[ info ] [ VIEW ] ./views/home/mobile/index\index.phtml [ array (
  0 => 'controller',
  1 => 'action',
  2 => 'site',
  3 => 'member',
  4 => 'categories',
  5 => 'banners',
  6 => 'notices',
  7 => 'withdraws',
  8 => 'today_credit1',
  9 => 'today_credit2',
  10 => 'tasks',
  11 => 'pageCount',
) ]
[ info ] [ LOG ] INIT File
[ sql ] [ DB ] CONNECT:[ UseTime:0.002001s ] mysql:host=localhost;port=3306;dbname=weikerenwu;charset=utf8
[ sql ] [ SQL ] SHOW COLUMNS FROM `tb_config` [ RunTime:0.003000s ]
[ sql ] [ SQL ] SELECT * FROM `tb_config` LIMIT 1 [ RunTime:0.000000s ]
[ sql ] [ SQL ] SHOW COLUMNS FROM `tb_task_category` [ RunTime:0.003000s ]
[ sql ] [ SQL ] SELECT * FROM `tb_task_category` ORDER BY order_by desc LIMIT 0,100 [ RunTime:0.000000s ]
[ sql ] [ SQL ] SELECT SUM((give_credit2-fee)/ticket_num) AS credit2,SUM(give_credit1/ticket_num) AS credit1 FROM tb_task WHERE is_complete=0 AND is_display=1 AND check_period*3600+create_time<1589894304 AND start_time<1589894304 AND end_time>1589894304 [ RunTime:0.001000s ]
[ sql ] [ SQL ] SHOW COLUMNS FROM `tb_banner` [ RunTime:0.005001s ]
[ sql ] [ SQL ] SELECT * FROM `tb_banner` WHERE  `is_display` = 1 ORDER BY order_by desc LIMIT 10 [ RunTime:0.001000s ]
[ sql ] [ SQL ] SHOW COLUMNS FROM `tb_notice` [ RunTime:0.003000s ]
[ sql ] [ SQL ] SELECT * FROM `tb_notice` WHERE  `is_display` = 1 ORDER BY order_by desc,id desc LIMIT 10 [ RunTime:0.000000s ]
[ sql ] [ SQL ] SHOW COLUMNS FROM `tb_withdraw` [ RunTime:0.004000s ]
[ sql ] [ SQL ] SELECT * FROM `tb_withdraw` WHERE  `status` = 1 ORDER BY id DESC LIMIT 0,10 [ RunTime:0.001000s ]
[ sql ] [ SQL ] SELECT * FROM tb_task WHERE is_complete=0 AND is_display=1 AND check_period_time<1589894304 AND start_time<1589894304 AND end_time>1589894304 ORDER BY top_end_time DESC, end_time ASC, id DESC LIMIT 0,15 [ RunTime:0.001000s ]
[ sql ] [ SQL ] SELECT COUNT(1) AS num FROM tb_task WHERE is_complete=0 AND is_display=1 AND check_period_time<1589894304 AND start_time<1589894304 AND end_time>1589894304 [ RunTime:0.001000s ]
---------------------------------------------------------------
[ 2020-05-19T21:18:25+08:00 ] 127.0.0.1 GET /static/home/mobile/js/maps/swiper.min.js.map
[ info ] local.daocaoren/static/home/mobile/js/maps/swiper.min.js.map [运行时间：0.029001s][吞吐率：34.48req/s] [内存消耗：1,588.38kb] [文件加载：41]
[ info ] [ LANG ] D:\soft\xampp\htdocs\daocaoren\thinkphp\lang\zh-cn.php
[ info ] [ ROUTE ] array (
  'type' => 'module',
  'module' => 
  array (
    0 => 'static',
    1 => 'home',
    2 => 'mobile',
  ),
)
[ info ] [ HEADER ] array (
  'host' => 'local.daocaoren',
  'connection' => 'keep-alive',
  'user-agent' => 'Mozilla/5.0 (Linux; Android 6.0.1; Moto G (4)) AppleWebKit/537.36 (KHTML, like Gecko) Chrome/81.0.4044.138 Mobile Safari/537.36',
  'accept-encoding' => 'gzip, deflate',
  'accept-language' => 'zh-CN,zh;q=0.9,en;q=0.8',
  'cookie' => 'PHPSESSID=etlfpf18es59sojef0pdi83mjd; administrator=eyJpZCI6MSwidXNlcm5hbWUiOiJhZG1pbiIsInBhc3N3b3JkIjoiNmUxZGRiYTMxMzJmMGYxNWQ0ZGYyYjA1YWY3ZWI0N2QiLCJzYWx0IjoieTJBRHcyUGQiLCJnZW5kZXIiOjAsImxldmVsIjowLCJiaXJ0aGRheSI6MCwibmlja25hbWUiOiLlrZnlrZDmtakiLCJtb2JpbGUiOiIiLCJlbWFpbCI6IiIsImF2YXRhciI6IlwvdXBsb2Fkc1wvMjAyMDAyMTBcLzQ2YzAyNmQ0NjE1MjljNjg3YWY1ZDkyZmUwMmYxNDVkLnBuZyIsImlzX2NoZWNrIjoxLCJsYXN0X2xvZ2luX2lwIjoiIiwibGFzdF9sb2dpbl90aW1lIjowLCJ1cGRhdGVfdGltZSI6IjIwMjAtMDUtMTggMjI6MDk6MzYiLCJjcmVhdGVfdGltZSI6IjE5NzAtMDEtMDEgMDg6MDA6MDAifQ%3D%3D',
)
[ info ] [ PARAM ] array (
  'js' => 'maps',
)
[ info ] [ LOG ] INIT File
---------------------------------------------------------------
[ 2020-05-19T21:18:26+08:00 ] 127.0.0.1 GET /static/home/mobile/css/bootstrap.css.map
[ info ] local.daocaoren/static/home/mobile/css/bootstrap.css.map [运行时间：0.028002s][吞吐率：35.71req/s] [内存消耗：1,588.41kb] [文件加载：41]
[ info ] [ LANG ] D:\soft\xampp\htdocs\daocaoren\thinkphp\lang\zh-cn.php
[ info ] [ ROUTE ] array (
  'type' => 'module',
  'module' => 
  array (
    0 => 'static',
    1 => 'home',
    2 => 'mobile',
  ),
)
[ info ] [ HEADER ] array (
  'host' => 'local.daocaoren',
  'connection' => 'keep-alive',
  'user-agent' => 'Mozilla/5.0 (Linux; Android 6.0.1; Moto G (4)) AppleWebKit/537.36 (KHTML, like Gecko) Chrome/81.0.4044.138 Mobile Safari/537.36',
  'accept-encoding' => 'gzip, deflate',
  'accept-language' => 'zh-CN,zh;q=0.9,en;q=0.8',
  'cookie' => 'PHPSESSID=etlfpf18es59sojef0pdi83mjd; administrator=eyJpZCI6MSwidXNlcm5hbWUiOiJhZG1pbiIsInBhc3N3b3JkIjoiNmUxZGRiYTMxMzJmMGYxNWQ0ZGYyYjA1YWY3ZWI0N2QiLCJzYWx0IjoieTJBRHcyUGQiLCJnZW5kZXIiOjAsImxldmVsIjowLCJiaXJ0aGRheSI6MCwibmlja25hbWUiOiLlrZnlrZDmtakiLCJtb2JpbGUiOiIiLCJlbWFpbCI6IiIsImF2YXRhciI6IlwvdXBsb2Fkc1wvMjAyMDAyMTBcLzQ2YzAyNmQ0NjE1MjljNjg3YWY1ZDkyZmUwMmYxNDVkLnBuZyIsImlzX2NoZWNrIjoxLCJsYXN0X2xvZ2luX2lwIjoiIiwibGFzdF9sb2dpbl90aW1lIjowLCJ1cGRhdGVfdGltZSI6IjIwMjAtMDUtMTggMjI6MDk6MzYiLCJjcmVhdGVfdGltZSI6IjE5NzAtMDEtMDEgMDg6MDA6MDAifQ%3D%3D',
)
[ info ] [ PARAM ] array (
  'css' => 'bootstrap.css.map',
)
[ info ] [ LOG ] INIT File
---------------------------------------------------------------
[ 2020-05-19T21:18:38+08:00 ] 127.0.0.1 GET /
[ info ] local.daocaoren/ [运行时间：0.070004s][吞吐率：14.28req/s] [内存消耗：3,287.41kb] [文件加载：67]
[ info ] [ LANG ] D:\soft\xampp\htdocs\daocaoren\thinkphp\lang\zh-cn.php
[ info ] [ ROUTE ] array (
  'type' => 'module',
  'module' => 
  array (
    0 => '',
    1 => NULL,
    2 => NULL,
  ),
)
[ info ] [ HEADER ] array (
  'host' => 'local.daocaoren',
  'connection' => 'keep-alive',
  'cache-control' => 'max-age=0',
  'upgrade-insecure-requests' => '1',
  'user-agent' => 'Mozilla/5.0 (iPhone; CPU iPhone OS 13_2_3 like Mac OS X) AppleWebKit/605.1.15 (KHTML, like Gecko) Version/13.0.3 Mobile/15E148 Safari/604.1',
  'accept' => 'text/html,application/xhtml+xml,application/xml;q=0.9,image/webp,image/apng,*/*;q=0.8,application/signed-exchange;v=b3;q=0.9',
  'accept-encoding' => 'gzip, deflate',
  'accept-language' => 'zh-CN,zh;q=0.9,en;q=0.8',
  'cookie' => 'PHPSESSID=etlfpf18es59sojef0pdi83mjd; administrator=eyJpZCI6MSwidXNlcm5hbWUiOiJhZG1pbiIsInBhc3N3b3JkIjoiNmUxZGRiYTMxMzJmMGYxNWQ0ZGYyYjA1YWY3ZWI0N2QiLCJzYWx0IjoieTJBRHcyUGQiLCJnZW5kZXIiOjAsImxldmVsIjowLCJiaXJ0aGRheSI6MCwibmlja25hbWUiOiLlrZnlrZDmtakiLCJtb2JpbGUiOiIiLCJlbWFpbCI6IiIsImF2YXRhciI6IlwvdXBsb2Fkc1wvMjAyMDAyMTBcLzQ2YzAyNmQ0NjE1MjljNjg3YWY1ZDkyZmUwMmYxNDVkLnBuZyIsImlzX2NoZWNrIjoxLCJsYXN0X2xvZ2luX2lwIjoiIiwibGFzdF9sb2dpbl90aW1lIjowLCJ1cGRhdGVfdGltZSI6IjIwMjAtMDUtMTggMjI6MDk6MzYiLCJjcmVhdGVfdGltZSI6IjE5NzAtMDEtMDEgMDg6MDA6MDAifQ%3D%3D',
)
[ info ] [ PARAM ] array (
)
[ info ] [ DB ] INIT mysql
[ info ] [ RUN ] app\home\controller\Index->index[ D:\soft\xampp\htdocs\daocaoren\app\home\controller\Index.php ]
[ info ] [ VIEW ] ./views/home/mobile/index\index.phtml [ array (
  0 => 'controller',
  1 => 'action',
  2 => 'site',
  3 => 'member',
  4 => 'categories',
  5 => 'banners',
  6 => 'notices',
  7 => 'withdraws',
  8 => 'today_credit1',
  9 => 'today_credit2',
  10 => 'tasks',
  11 => 'pageCount',
) ]
[ info ] [ LOG ] INIT File
[ sql ] [ DB ] CONNECT:[ UseTime:0.005001s ] mysql:host=localhost;port=3306;dbname=weikerenwu;charset=utf8
[ sql ] [ SQL ] SHOW COLUMNS FROM `tb_config` [ RunTime:0.002000s ]
[ sql ] [ SQL ] SELECT * FROM `tb_config` LIMIT 1 [ RunTime:0.000000s ]
[ sql ] [ SQL ] SHOW COLUMNS FROM `tb_task_category` [ RunTime:0.003000s ]
[ sql ] [ SQL ] SELECT * FROM `tb_task_category` ORDER BY order_by desc LIMIT 0,100 [ RunTime:0.001000s ]
[ sql ] [ SQL ] SELECT SUM((give_credit2-fee)/ticket_num) AS credit2,SUM(give_credit1/ticket_num) AS credit1 FROM tb_task WHERE is_complete=0 AND is_display=1 AND check_period*3600+create_time<1589894318 AND start_time<1589894318 AND end_time>1589894318 [ RunTime:0.000000s ]
[ sql ] [ SQL ] SHOW COLUMNS FROM `tb_banner` [ RunTime:0.002000s ]
[ sql ] [ SQL ] SELECT * FROM `tb_banner` WHERE  `is_display` = 1 ORDER BY order_by desc LIMIT 10 [ RunTime:0.000000s ]
[ sql ] [ SQL ] SHOW COLUMNS FROM `tb_notice` [ RunTime:0.004001s ]
[ sql ] [ SQL ] SELECT * FROM `tb_notice` WHERE  `is_display` = 1 ORDER BY order_by desc,id desc LIMIT 10 [ RunTime:0.000000s ]
[ sql ] [ SQL ] SHOW COLUMNS FROM `tb_withdraw` [ RunTime:0.003000s ]
[ sql ] [ SQL ] SELECT * FROM `tb_withdraw` WHERE  `status` = 1 ORDER BY id DESC LIMIT 0,10 [ RunTime:0.000000s ]
[ sql ] [ SQL ] SELECT * FROM tb_task WHERE is_complete=0 AND is_display=1 AND check_period_time<1589894318 AND start_time<1589894318 AND end_time>1589894318 ORDER BY top_end_time DESC, end_time ASC, id DESC LIMIT 0,15 [ RunTime:0.001000s ]
[ sql ] [ SQL ] SELECT COUNT(1) AS num FROM tb_task WHERE is_complete=0 AND is_display=1 AND check_period_time<1589894318 AND start_time<1589894318 AND end_time>1589894318 [ RunTime:0.000000s ]
---------------------------------------------------------------
[ 2020-05-19T21:18:38+08:00 ] 127.0.0.1 GET /static/home/mobile/js/maps/swiper.min.js.map
[ info ] local.daocaoren/static/home/mobile/js/maps/swiper.min.js.map [运行时间：0.027002s][吞吐率：37.03req/s] [内存消耗：1,588.47kb] [文件加载：41]
[ info ] [ LANG ] D:\soft\xampp\htdocs\daocaoren\thinkphp\lang\zh-cn.php
[ info ] [ ROUTE ] array (
  'type' => 'module',
  'module' => 
  array (
    0 => 'static',
    1 => 'home',
    2 => 'mobile',
  ),
)
[ info ] [ HEADER ] array (
  'host' => 'local.daocaoren',
  'connection' => 'keep-alive',
  'user-agent' => 'Mozilla/5.0 (iPhone; CPU iPhone OS 13_2_3 like Mac OS X) AppleWebKit/605.1.15 (KHTML, like Gecko) Version/13.0.3 Mobile/15E148 Safari/604.1',
  'accept-encoding' => 'gzip, deflate',
  'accept-language' => 'zh-CN,zh;q=0.9,en;q=0.8',
  'cookie' => 'PHPSESSID=etlfpf18es59sojef0pdi83mjd; administrator=eyJpZCI6MSwidXNlcm5hbWUiOiJhZG1pbiIsInBhc3N3b3JkIjoiNmUxZGRiYTMxMzJmMGYxNWQ0ZGYyYjA1YWY3ZWI0N2QiLCJzYWx0IjoieTJBRHcyUGQiLCJnZW5kZXIiOjAsImxldmVsIjowLCJiaXJ0aGRheSI6MCwibmlja25hbWUiOiLlrZnlrZDmtakiLCJtb2JpbGUiOiIiLCJlbWFpbCI6IiIsImF2YXRhciI6IlwvdXBsb2Fkc1wvMjAyMDAyMTBcLzQ2YzAyNmQ0NjE1MjljNjg3YWY1ZDkyZmUwMmYxNDVkLnBuZyIsImlzX2NoZWNrIjoxLCJsYXN0X2xvZ2luX2lwIjoiIiwibGFzdF9sb2dpbl90aW1lIjowLCJ1cGRhdGVfdGltZSI6IjIwMjAtMDUtMTggMjI6MDk6MzYiLCJjcmVhdGVfdGltZSI6IjE5NzAtMDEtMDEgMDg6MDA6MDAifQ%3D%3D',
)
[ info ] [ PARAM ] array (
  'js' => 'maps',
)
[ info ] [ LOG ] INIT File
---------------------------------------------------------------
[ 2020-05-19T21:18:39+08:00 ] 127.0.0.1 GET /static/home/mobile/css/bootstrap.css.map
[ info ] local.daocaoren/static/home/mobile/css/bootstrap.css.map [运行时间：0.031002s][吞吐率：32.26req/s] [内存消耗：1,588.50kb] [文件加载：41]
[ info ] [ LANG ] D:\soft\xampp\htdocs\daocaoren\thinkphp\lang\zh-cn.php
[ info ] [ ROUTE ] array (
  'type' => 'module',
  'module' => 
  array (
    0 => 'static',
    1 => 'home',
    2 => 'mobile',
  ),
)
[ info ] [ HEADER ] array (
  'host' => 'local.daocaoren',
  'connection' => 'keep-alive',
  'user-agent' => 'Mozilla/5.0 (iPhone; CPU iPhone OS 13_2_3 like Mac OS X) AppleWebKit/605.1.15 (KHTML, like Gecko) Version/13.0.3 Mobile/15E148 Safari/604.1',
  'accept-encoding' => 'gzip, deflate',
  'accept-language' => 'zh-CN,zh;q=0.9,en;q=0.8',
  'cookie' => 'PHPSESSID=etlfpf18es59sojef0pdi83mjd; administrator=eyJpZCI6MSwidXNlcm5hbWUiOiJhZG1pbiIsInBhc3N3b3JkIjoiNmUxZGRiYTMxMzJmMGYxNWQ0ZGYyYjA1YWY3ZWI0N2QiLCJzYWx0IjoieTJBRHcyUGQiLCJnZW5kZXIiOjAsImxldmVsIjowLCJiaXJ0aGRheSI6MCwibmlja25hbWUiOiLlrZnlrZDmtakiLCJtb2JpbGUiOiIiLCJlbWFpbCI6IiIsImF2YXRhciI6IlwvdXBsb2Fkc1wvMjAyMDAyMTBcLzQ2YzAyNmQ0NjE1MjljNjg3YWY1ZDkyZmUwMmYxNDVkLnBuZyIsImlzX2NoZWNrIjoxLCJsYXN0X2xvZ2luX2lwIjoiIiwibGFzdF9sb2dpbl90aW1lIjowLCJ1cGRhdGVfdGltZSI6IjIwMjAtMDUtMTggMjI6MDk6MzYiLCJjcmVhdGVfdGltZSI6IjE5NzAtMDEtMDEgMDg6MDA6MDAifQ%3D%3D',
)
[ info ] [ PARAM ] array (
  'css' => 'bootstrap.css.map',
)
[ info ] [ LOG ] INIT File
---------------------------------------------------------------
[ 2020-05-19T21:22:41+08:00 ] 127.0.0.1 GET /admin/banner/index.html
[ info ] local.daocaoren/admin/banner/index.html [运行时间：0.064004s][吞吐率：15.62req/s] [内存消耗：3,561.55kb] [文件加载：68]
[ info ] [ LANG ] D:\soft\xampp\htdocs\daocaoren\thinkphp\lang\zh-cn.php
[ info ] [ ROUTE ] array (
  'type' => 'module',
  'module' => 
  array (
    0 => 'admin',
    1 => 'banner',
    2 => 'index',
  ),
)
[ info ] [ HEADER ] array (
  'host' => 'local.daocaoren',
  'connection' => 'keep-alive',
  'cache-control' => 'max-age=0',
  'upgrade-insecure-requests' => '1',
  'user-agent' => 'Mozilla/5.0 (Windows NT 6.1; Win64; x64) AppleWebKit/537.36 (KHTML, like Gecko) Chrome/81.0.4044.138 Safari/537.36',
  'accept' => 'text/html,application/xhtml+xml,application/xml;q=0.9,image/webp,image/apng,*/*;q=0.8,application/signed-exchange;v=b3;q=0.9',
  'referer' => 'http://local.daocaoren/admin/feedback/index.html',
  'accept-encoding' => 'gzip, deflate',
  'accept-language' => 'zh-CN,zh;q=0.9,en;q=0.8',
  'cookie' => 'PHPSESSID=etlfpf18es59sojef0pdi83mjd; administrator=eyJpZCI6MSwidXNlcm5hbWUiOiJhZG1pbiIsInBhc3N3b3JkIjoiNmUxZGRiYTMxMzJmMGYxNWQ0ZGYyYjA1YWY3ZWI0N2QiLCJzYWx0IjoieTJBRHcyUGQiLCJnZW5kZXIiOjAsImxldmVsIjowLCJiaXJ0aGRheSI6MCwibmlja25hbWUiOiLlrZnlrZDmtakiLCJtb2JpbGUiOiIiLCJlbWFpbCI6IiIsImF2YXRhciI6IlwvdXBsb2Fkc1wvMjAyMDAyMTBcLzQ2YzAyNmQ0NjE1MjljNjg3YWY1ZDkyZmUwMmYxNDVkLnBuZyIsImlzX2NoZWNrIjoxLCJsYXN0X2xvZ2luX2lwIjoiIiwibGFzdF9sb2dpbl90aW1lIjowLCJ1cGRhdGVfdGltZSI6IjIwMjAtMDUtMTggMjI6MDk6MzYiLCJjcmVhdGVfdGltZSI6IjE5NzAtMDEtMDEgMDg6MDA6MDAifQ%3D%3D',
)
[ info ] [ PARAM ] array (
)
[ info ] [ CACHE ] INIT File
[ info ] [ DB ] INIT mysql
[ info ] [ RUN ] app\admin\controller\Banner->index[ D:\soft\xampp\htdocs\daocaoren\app\admin\controller\Banner.php ]
[ info ] [ VIEW ] ./views/admin/pc/banner\index.phtml [ array (
  0 => 'controller',
  1 => 'action',
  2 => 'admin',
  3 => 'treeMenu',
  4 => 'list',
  5 => 'pager',
) ]
[ info ] [ LOG ] INIT File
[ sql ] [ DB ] CONNECT:[ UseTime:0.001000s ] mysql:host=localhost;port=3306;dbname=weikerenwu;charset=utf8
[ sql ] [ SQL ] SHOW COLUMNS FROM `tb_auth_group_access` [ RunTime:0.003000s ]
[ sql ] [ SQL ] SELECT * FROM `tb_auth_group_access` `a` INNER JOIN `tb_auth_group` `g` ON `a`.`group_id`=`g`.`id` WHERE  (  a.uid='1' and g.status='1' ) [ RunTime:0.001000s ]
[ sql ] [ SQL ] SHOW COLUMNS FROM `tb_auth_rule` [ RunTime:0.003000s ]
[ sql ] [ SQL ] SELECT * FROM `tb_auth_rule` WHERE  `id` IN (1,2,3,4,5,6,7,8,9,10,23,24,25,11,12,15,14,16,17,18,19,20,21,22,0)  AND `type` = 1  AND `status` = 1 [ RunTime:0.001000s ]
[ sql ] [ SQL ] SHOW COLUMNS FROM `tb_banner` [ RunTime:0.003000s ]
[ sql ] [ SQL ] SELECT COUNT(*) AS tp_count FROM `tb_banner` LIMIT 1 [ RunTime:0.001000s ]
[ sql ] [ SQL ] SELECT * FROM `tb_banner` ORDER BY order_by desc LIMIT 0,15 [ RunTime:0.000000s ]
---------------------------------------------------------------
[ 2020-05-19T21:22:42+08:00 ] 127.0.0.1 GET /uploads//uploads/20200210/46c026d461529c687af5d92fe02f145d.png
[ info ] local.daocaoren/uploads//uploads/20200210/46c026d461529c687af5d92fe02f145d.png [运行时间：0.030002s][吞吐率：33.33req/s] [内存消耗：1,589.23kb] [文件加载：41]
[ info ] [ LANG ] D:\soft\xampp\htdocs\daocaoren\thinkphp\lang\zh-cn.php
[ info ] [ ROUTE ] array (
  'type' => 'module',
  'module' => 
  array (
    0 => 'uploads',
    1 => 'uploads',
    2 => '20200210',
  ),
)
[ info ] [ HEADER ] array (
  'host' => 'local.daocaoren',
  'connection' => 'keep-alive',
  'user-agent' => 'Mozilla/5.0 (Windows NT 6.1; Win64; x64) AppleWebKit/537.36 (KHTML, like Gecko) Chrome/81.0.4044.138 Safari/537.36',
  'accept' => 'image/webp,image/apng,image/*,*/*;q=0.8',
  'referer' => 'http://local.daocaoren/admin/banner/index.html',
  'accept-encoding' => 'gzip, deflate',
  'accept-language' => 'zh-CN,zh;q=0.9,en;q=0.8',
  'cookie' => 'PHPSESSID=etlfpf18es59sojef0pdi83mjd; administrator=eyJpZCI6MSwidXNlcm5hbWUiOiJhZG1pbiIsInBhc3N3b3JkIjoiNmUxZGRiYTMxMzJmMGYxNWQ0ZGYyYjA1YWY3ZWI0N2QiLCJzYWx0IjoieTJBRHcyUGQiLCJnZW5kZXIiOjAsImxldmVsIjowLCJiaXJ0aGRheSI6MCwibmlja25hbWUiOiLlrZnlrZDmtakiLCJtb2JpbGUiOiIiLCJlbWFpbCI6IiIsImF2YXRhciI6IlwvdXBsb2Fkc1wvMjAyMDAyMTBcLzQ2YzAyNmQ0NjE1MjljNjg3YWY1ZDkyZmUwMmYxNDVkLnBuZyIsImlzX2NoZWNrIjoxLCJsYXN0X2xvZ2luX2lwIjoiIiwibGFzdF9sb2dpbl90aW1lIjowLCJ1cGRhdGVfdGltZSI6IjIwMjAtMDUtMTggMjI6MDk6MzYiLCJjcmVhdGVfdGltZSI6IjE5NzAtMDEtMDEgMDg6MDA6MDAifQ%3D%3D',
)
[ info ] [ PARAM ] array (
)
[ info ] [ LOG ] INIT File
---------------------------------------------------------------
[ 2020-05-19T21:22:44+08:00 ] 127.0.0.1 GET /admin/channel/index.html
[ info ] local.daocaoren/admin/channel/index.html [运行时间：0.066003s][吞吐率：15.15req/s] [内存消耗：3,704.68kb] [文件加载：70]
[ info ] [ LANG ] D:\soft\xampp\htdocs\daocaoren\thinkphp\lang\zh-cn.php
[ info ] [ ROUTE ] array (
  'type' => 'module',
  'module' => 
  array (
    0 => 'admin',
    1 => 'channel',
    2 => 'index',
  ),
)
[ info ] [ HEADER ] array (
  'host' => 'local.daocaoren',
  'connection' => 'keep-alive',
  'upgrade-insecure-requests' => '1',
  'user-agent' => 'Mozilla/5.0 (Windows NT 6.1; Win64; x64) AppleWebKit/537.36 (KHTML, like Gecko) Chrome/81.0.4044.138 Safari/537.36',
  'accept' => 'text/html,application/xhtml+xml,application/xml;q=0.9,image/webp,image/apng,*/*;q=0.8,application/signed-exchange;v=b3;q=0.9',
  'referer' => 'http://local.daocaoren/admin/banner/index.html',
  'accept-encoding' => 'gzip, deflate',
  'accept-language' => 'zh-CN,zh;q=0.9,en;q=0.8',
  'cookie' => 'PHPSESSID=etlfpf18es59sojef0pdi83mjd; administrator=eyJpZCI6MSwidXNlcm5hbWUiOiJhZG1pbiIsInBhc3N3b3JkIjoiNmUxZGRiYTMxMzJmMGYxNWQ0ZGYyYjA1YWY3ZWI0N2QiLCJzYWx0IjoieTJBRHcyUGQiLCJnZW5kZXIiOjAsImxldmVsIjowLCJiaXJ0aGRheSI6MCwibmlja25hbWUiOiLlrZnlrZDmtakiLCJtb2JpbGUiOiIiLCJlbWFpbCI6IiIsImF2YXRhciI6IlwvdXBsb2Fkc1wvMjAyMDAyMTBcLzQ2YzAyNmQ0NjE1MjljNjg3YWY1ZDkyZmUwMmYxNDVkLnBuZyIsImlzX2NoZWNrIjoxLCJsYXN0X2xvZ2luX2lwIjoiIiwibGFzdF9sb2dpbl90aW1lIjowLCJ1cGRhdGVfdGltZSI6IjIwMjAtMDUtMTggMjI6MDk6MzYiLCJjcmVhdGVfdGltZSI6IjE5NzAtMDEtMDEgMDg6MDA6MDAifQ%3D%3D',
)
[ info ] [ PARAM ] array (
)
[ info ] [ CACHE ] INIT File
[ info ] [ DB ] INIT mysql
[ info ] [ RUN ] app\admin\controller\Channel->index[ D:\soft\xampp\htdocs\daocaoren\app\admin\controller\Channel.php ]
[ info ] [ VIEW ] ./views/admin/pc/channel\index.phtml [ array (
  0 => 'controller',
  1 => 'action',
  2 => 'admin',
  3 => 'treeMenu',
  4 => 'list',
  5 => 'pager',
) ]
[ info ] [ LOG ] INIT File
[ sql ] [ DB ] CONNECT:[ UseTime:0.001000s ] mysql:host=localhost;port=3306;dbname=weikerenwu;charset=utf8
[ sql ] [ SQL ] SHOW COLUMNS FROM `tb_auth_group_access` [ RunTime:0.004000s ]
[ sql ] [ SQL ] SELECT * FROM `tb_auth_group_access` `a` INNER JOIN `tb_auth_group` `g` ON `a`.`group_id`=`g`.`id` WHERE  (  a.uid='1' and g.status='1' ) [ RunTime:0.000000s ]
[ sql ] [ SQL ] SHOW COLUMNS FROM `tb_auth_rule` [ RunTime:0.003000s ]
[ sql ] [ SQL ] SELECT * FROM `tb_auth_rule` WHERE  `id` IN (1,2,3,4,5,6,7,8,9,10,23,24,25,11,12,15,14,16,17,18,19,20,21,22,0)  AND `type` = 1  AND `status` = 1 [ RunTime:0.000000s ]
[ sql ] [ SQL ] SHOW COLUMNS FROM `tb_channel` [ RunTime:0.006001s ]
[ sql ] [ SQL ] SELECT COUNT(*) AS tp_count FROM `tb_channel` LIMIT 1 [ RunTime:0.000000s ]
[ sql ] [ SQL ] SELECT * FROM `tb_channel` ORDER BY order_by desc LIMIT 0,15 [ RunTime:0.001000s ]
---------------------------------------------------------------
[ 2020-05-19T21:22:44+08:00 ] 127.0.0.1 GET /uploads//uploads/20200210/46c026d461529c687af5d92fe02f145d.png
[ info ] local.daocaoren/uploads//uploads/20200210/46c026d461529c687af5d92fe02f145d.png [运行时间：0.028002s][吞吐率：35.71req/s] [内存消耗：1,589.23kb] [文件加载：41]
[ info ] [ LANG ] D:\soft\xampp\htdocs\daocaoren\thinkphp\lang\zh-cn.php
[ info ] [ ROUTE ] array (
  'type' => 'module',
  'module' => 
  array (
    0 => 'uploads',
    1 => 'uploads',
    2 => '20200210',
  ),
)
[ info ] [ HEADER ] array (
  'host' => 'local.daocaoren',
  'connection' => 'keep-alive',
  'user-agent' => 'Mozilla/5.0 (Windows NT 6.1; Win64; x64) AppleWebKit/537.36 (KHTML, like Gecko) Chrome/81.0.4044.138 Safari/537.36',
  'accept' => 'image/webp,image/apng,image/*,*/*;q=0.8',
  'referer' => 'http://local.daocaoren/admin/channel/index.html',
  'accept-encoding' => 'gzip, deflate',
  'accept-language' => 'zh-CN,zh;q=0.9,en;q=0.8',
  'cookie' => 'PHPSESSID=etlfpf18es59sojef0pdi83mjd; administrator=eyJpZCI6MSwidXNlcm5hbWUiOiJhZG1pbiIsInBhc3N3b3JkIjoiNmUxZGRiYTMxMzJmMGYxNWQ0ZGYyYjA1YWY3ZWI0N2QiLCJzYWx0IjoieTJBRHcyUGQiLCJnZW5kZXIiOjAsImxldmVsIjowLCJiaXJ0aGRheSI6MCwibmlja25hbWUiOiLlrZnlrZDmtakiLCJtb2JpbGUiOiIiLCJlbWFpbCI6IiIsImF2YXRhciI6IlwvdXBsb2Fkc1wvMjAyMDAyMTBcLzQ2YzAyNmQ0NjE1MjljNjg3YWY1ZDkyZmUwMmYxNDVkLnBuZyIsImlzX2NoZWNrIjoxLCJsYXN0X2xvZ2luX2lwIjoiIiwibGFzdF9sb2dpbl90aW1lIjowLCJ1cGRhdGVfdGltZSI6IjIwMjAtMDUtMTggMjI6MDk6MzYiLCJjcmVhdGVfdGltZSI6IjE5NzAtMDEtMDEgMDg6MDA6MDAifQ%3D%3D',
)
[ info ] [ PARAM ] array (
)
[ info ] [ LOG ] INIT File
---------------------------------------------------------------
[ 2020-05-19T21:22:51+08:00 ] 127.0.0.1 GET /admin/member/index.html
[ info ] local.daocaoren/admin/member/index.html [运行时间：0.077004s][吞吐率：12.99req/s] [内存消耗：3,761.25kb] [文件加载：70]
[ info ] [ LANG ] D:\soft\xampp\htdocs\daocaoren\thinkphp\lang\zh-cn.php
[ info ] [ ROUTE ] array (
  'type' => 'module',
  'module' => 
  array (
    0 => 'admin',
    1 => 'member',
    2 => 'index',
  ),
)
[ info ] [ HEADER ] array (
  'host' => 'local.daocaoren',
  'connection' => 'keep-alive',
  'upgrade-insecure-requests' => '1',
  'user-agent' => 'Mozilla/5.0 (Windows NT 6.1; Win64; x64) AppleWebKit/537.36 (KHTML, like Gecko) Chrome/81.0.4044.138 Safari/537.36',
  'accept' => 'text/html,application/xhtml+xml,application/xml;q=0.9,image/webp,image/apng,*/*;q=0.8,application/signed-exchange;v=b3;q=0.9',
  'referer' => 'http://local.daocaoren/admin/channel/index.html',
  'accept-encoding' => 'gzip, deflate',
  'accept-language' => 'zh-CN,zh;q=0.9,en;q=0.8',
  'cookie' => 'PHPSESSID=etlfpf18es59sojef0pdi83mjd; administrator=eyJpZCI6MSwidXNlcm5hbWUiOiJhZG1pbiIsInBhc3N3b3JkIjoiNmUxZGRiYTMxMzJmMGYxNWQ0ZGYyYjA1YWY3ZWI0N2QiLCJzYWx0IjoieTJBRHcyUGQiLCJnZW5kZXIiOjAsImxldmVsIjowLCJiaXJ0aGRheSI6MCwibmlja25hbWUiOiLlrZnlrZDmtakiLCJtb2JpbGUiOiIiLCJlbWFpbCI6IiIsImF2YXRhciI6IlwvdXBsb2Fkc1wvMjAyMDAyMTBcLzQ2YzAyNmQ0NjE1MjljNjg3YWY1ZDkyZmUwMmYxNDVkLnBuZyIsImlzX2NoZWNrIjoxLCJsYXN0X2xvZ2luX2lwIjoiIiwibGFzdF9sb2dpbl90aW1lIjowLCJ1cGRhdGVfdGltZSI6IjIwMjAtMDUtMTggMjI6MDk6MzYiLCJjcmVhdGVfdGltZSI6IjE5NzAtMDEtMDEgMDg6MDA6MDAifQ%3D%3D',
)
[ info ] [ PARAM ] array (
)
[ info ] [ CACHE ] INIT File
[ info ] [ DB ] INIT mysql
[ info ] [ RUN ] app\admin\controller\Member->index[ D:\soft\xampp\htdocs\daocaoren\app\admin\controller\Member.php ]
[ info ] [ VIEW ] ./views/admin/pc/member\index.phtml [ array (
  0 => 'controller',
  1 => 'action',
  2 => 'admin',
  3 => 'treeMenu',
  4 => 'list',
  5 => 'pager',
  6 => 'total',
  7 => 'credit2Total',
) ]
[ info ] [ LOG ] INIT File
[ sql ] [ DB ] CONNECT:[ UseTime:0.001000s ] mysql:host=localhost;port=3306;dbname=weikerenwu;charset=utf8
[ sql ] [ SQL ] SHOW COLUMNS FROM `tb_auth_group_access` [ RunTime:0.004000s ]
[ sql ] [ SQL ] SELECT * FROM `tb_auth_group_access` `a` INNER JOIN `tb_auth_group` `g` ON `a`.`group_id`=`g`.`id` WHERE  (  a.uid='1' and g.status='1' ) [ RunTime:0.001000s ]
[ sql ] [ SQL ] SHOW COLUMNS FROM `tb_auth_rule` [ RunTime:0.002000s ]
[ sql ] [ SQL ] SELECT * FROM `tb_auth_rule` WHERE  `id` IN (1,2,3,4,5,6,7,8,9,10,23,24,25,11,12,15,14,16,17,18,19,20,21,22,0)  AND `type` = 1  AND `status` = 1 [ RunTime:0.000000s ]
[ sql ] [ SQL ] SHOW COLUMNS FROM `tb_member` [ RunTime:0.006001s ]
[ sql ] [ SQL ] SELECT COUNT(*) AS tp_count FROM `tb_member` WHERE  `is_del` = 0 LIMIT 1 [ RunTime:0.001000s ]
[ sql ] [ SQL ] SELECT * FROM `tb_member` WHERE  `is_del` = 0 ORDER BY uid desc LIMIT 0,15 [ RunTime:0.001000s ]
[ sql ] [ SQL ] SELECT COUNT(*) AS tp_count FROM `tb_member` WHERE  `is_del` = 0 LIMIT 1 [ RunTime:0.001000s ]
[ sql ] [ SQL ] SELECT SUM(credit2) AS tp_sum FROM `tb_member` WHERE  `is_del` = 0 LIMIT 1 [ RunTime:0.000000s ]
---------------------------------------------------------------
[ 2020-05-19T21:22:51+08:00 ] 127.0.0.1 GET /uploads//uploads/20200210/46c026d461529c687af5d92fe02f145d.png
[ info ] local.daocaoren/uploads//uploads/20200210/46c026d461529c687af5d92fe02f145d.png [运行时间：0.026001s][吞吐率：38.46req/s] [内存消耗：1,589.23kb] [文件加载：41]
[ info ] [ LANG ] D:\soft\xampp\htdocs\daocaoren\thinkphp\lang\zh-cn.php
[ info ] [ ROUTE ] array (
  'type' => 'module',
  'module' => 
  array (
    0 => 'uploads',
    1 => 'uploads',
    2 => '20200210',
  ),
)
[ info ] [ HEADER ] array (
  'host' => 'local.daocaoren',
  'connection' => 'keep-alive',
  'user-agent' => 'Mozilla/5.0 (Windows NT 6.1; Win64; x64) AppleWebKit/537.36 (KHTML, like Gecko) Chrome/81.0.4044.138 Safari/537.36',
  'accept' => 'image/webp,image/apng,image/*,*/*;q=0.8',
  'referer' => 'http://local.daocaoren/admin/member/index.html',
  'accept-encoding' => 'gzip, deflate',
  'accept-language' => 'zh-CN,zh;q=0.9,en;q=0.8',
  'cookie' => 'PHPSESSID=etlfpf18es59sojef0pdi83mjd; administrator=eyJpZCI6MSwidXNlcm5hbWUiOiJhZG1pbiIsInBhc3N3b3JkIjoiNmUxZGRiYTMxMzJmMGYxNWQ0ZGYyYjA1YWY3ZWI0N2QiLCJzYWx0IjoieTJBRHcyUGQiLCJnZW5kZXIiOjAsImxldmVsIjowLCJiaXJ0aGRheSI6MCwibmlja25hbWUiOiLlrZnlrZDmtakiLCJtb2JpbGUiOiIiLCJlbWFpbCI6IiIsImF2YXRhciI6IlwvdXBsb2Fkc1wvMjAyMDAyMTBcLzQ2YzAyNmQ0NjE1MjljNjg3YWY1ZDkyZmUwMmYxNDVkLnBuZyIsImlzX2NoZWNrIjoxLCJsYXN0X2xvZ2luX2lwIjoiIiwibGFzdF9sb2dpbl90aW1lIjowLCJ1cGRhdGVfdGltZSI6IjIwMjAtMDUtMTggMjI6MDk6MzYiLCJjcmVhdGVfdGltZSI6IjE5NzAtMDEtMDEgMDg6MDA6MDAifQ%3D%3D',
)
[ info ] [ PARAM ] array (
)
[ info ] [ LOG ] INIT File
---------------------------------------------------------------
[ 2020-05-19T21:23:06+08:00 ] 127.0.0.1 GET /admin/invitation/index.html
[ info ] local.daocaoren/admin/invitation/index.html [运行时间：0.081005s][吞吐率：12.34req/s] [内存消耗：3,676.09kb] [文件加载：70]
[ info ] [ LANG ] D:\soft\xampp\htdocs\daocaoren\thinkphp\lang\zh-cn.php
[ info ] [ ROUTE ] array (
  'type' => 'module',
  'module' => 
  array (
    0 => 'admin',
    1 => 'invitation',
    2 => 'index',
  ),
)
[ info ] [ HEADER ] array (
  'host' => 'local.daocaoren',
  'connection' => 'keep-alive',
  'upgrade-insecure-requests' => '1',
  'user-agent' => 'Mozilla/5.0 (Windows NT 6.1; Win64; x64) AppleWebKit/537.36 (KHTML, like Gecko) Chrome/81.0.4044.138 Safari/537.36',
  'accept' => 'text/html,application/xhtml+xml,application/xml;q=0.9,image/webp,image/apng,*/*;q=0.8,application/signed-exchange;v=b3;q=0.9',
  'referer' => 'http://local.daocaoren/admin/member/index.html',
  'accept-encoding' => 'gzip, deflate',
  'accept-language' => 'zh-CN,zh;q=0.9,en;q=0.8',
  'cookie' => 'PHPSESSID=etlfpf18es59sojef0pdi83mjd; administrator=eyJpZCI6MSwidXNlcm5hbWUiOiJhZG1pbiIsInBhc3N3b3JkIjoiNmUxZGRiYTMxMzJmMGYxNWQ0ZGYyYjA1YWY3ZWI0N2QiLCJzYWx0IjoieTJBRHcyUGQiLCJnZW5kZXIiOjAsImxldmVsIjowLCJiaXJ0aGRheSI6MCwibmlja25hbWUiOiLlrZnlrZDmtakiLCJtb2JpbGUiOiIiLCJlbWFpbCI6IiIsImF2YXRhciI6IlwvdXBsb2Fkc1wvMjAyMDAyMTBcLzQ2YzAyNmQ0NjE1MjljNjg3YWY1ZDkyZmUwMmYxNDVkLnBuZyIsImlzX2NoZWNrIjoxLCJsYXN0X2xvZ2luX2lwIjoiIiwibGFzdF9sb2dpbl90aW1lIjowLCJ1cGRhdGVfdGltZSI6IjIwMjAtMDUtMTggMjI6MDk6MzYiLCJjcmVhdGVfdGltZSI6IjE5NzAtMDEtMDEgMDg6MDA6MDAifQ%3D%3D',
)
[ info ] [ PARAM ] array (
)
[ info ] [ CACHE ] INIT File
[ info ] [ DB ] INIT mysql
[ info ] [ RUN ] app\admin\controller\Invitation->index[ D:\soft\xampp\htdocs\daocaoren\app\admin\controller\Invitation.php ]
[ info ] [ VIEW ] ./views/admin/pc/invitation\index.phtml [ array (
  0 => 'controller',
  1 => 'action',
  2 => 'admin',
  3 => 'treeMenu',
  4 => 'list',
  5 => 'pager',
  6 => 'total',
) ]
[ info ] [ LOG ] INIT File
[ sql ] [ DB ] CONNECT:[ UseTime:0.011000s ] mysql:host=localhost;port=3306;dbname=weikerenwu;charset=utf8
[ sql ] [ SQL ] SHOW COLUMNS FROM `tb_auth_group_access` [ RunTime:0.003001s ]
[ sql ] [ SQL ] SELECT * FROM `tb_auth_group_access` `a` INNER JOIN `tb_auth_group` `g` ON `a`.`group_id`=`g`.`id` WHERE  (  a.uid='1' and g.status='1' ) [ RunTime:0.001000s ]
[ sql ] [ SQL ] SHOW COLUMNS FROM `tb_auth_rule` [ RunTime:0.004000s ]
[ sql ] [ SQL ] SELECT * FROM `tb_auth_rule` WHERE  `id` IN (1,2,3,4,5,6,7,8,9,10,23,24,25,11,12,15,14,16,17,18,19,20,21,22,0)  AND `type` = 1  AND `status` = 1 [ RunTime:0.001000s ]
[ sql ] [ SQL ] SHOW COLUMNS FROM `tb_invitation_log` [ RunTime:0.006000s ]
[ sql ] [ SQL ] SELECT COUNT(*) AS tp_count FROM `tb_invitation_log` LIMIT 1 [ RunTime:0.000000s ]
[ sql ] [ SQL ] SELECT * FROM `tb_invitation_log` ORDER BY id DESC LIMIT 0,15 [ RunTime:0.001000s ]
---------------------------------------------------------------
[ 2020-05-19T21:23:06+08:00 ] 127.0.0.1 GET /uploads//uploads/20200210/46c026d461529c687af5d92fe02f145d.png
[ info ] local.daocaoren/uploads//uploads/20200210/46c026d461529c687af5d92fe02f145d.png [运行时间：0.028002s][吞吐率：35.71req/s] [内存消耗：1,589.23kb] [文件加载：41]
[ info ] [ LANG ] D:\soft\xampp\htdocs\daocaoren\thinkphp\lang\zh-cn.php
[ info ] [ ROUTE ] array (
  'type' => 'module',
  'module' => 
  array (
    0 => 'uploads',
    1 => 'uploads',
    2 => '20200210',
  ),
)
[ info ] [ HEADER ] array (
  'host' => 'local.daocaoren',
  'connection' => 'keep-alive',
  'user-agent' => 'Mozilla/5.0 (Windows NT 6.1; Win64; x64) AppleWebKit/537.36 (KHTML, like Gecko) Chrome/81.0.4044.138 Safari/537.36',
  'accept' => 'image/webp,image/apng,image/*,*/*;q=0.8',
  'referer' => 'http://local.daocaoren/admin/invitation/index.html',
  'accept-encoding' => 'gzip, deflate',
  'accept-language' => 'zh-CN,zh;q=0.9,en;q=0.8',
  'cookie' => 'PHPSESSID=etlfpf18es59sojef0pdi83mjd; administrator=eyJpZCI6MSwidXNlcm5hbWUiOiJhZG1pbiIsInBhc3N3b3JkIjoiNmUxZGRiYTMxMzJmMGYxNWQ0ZGYyYjA1YWY3ZWI0N2QiLCJzYWx0IjoieTJBRHcyUGQiLCJnZW5kZXIiOjAsImxldmVsIjowLCJiaXJ0aGRheSI6MCwibmlja25hbWUiOiLlrZnlrZDmtakiLCJtb2JpbGUiOiIiLCJlbWFpbCI6IiIsImF2YXRhciI6IlwvdXBsb2Fkc1wvMjAyMDAyMTBcLzQ2YzAyNmQ0NjE1MjljNjg3YWY1ZDkyZmUwMmYxNDVkLnBuZyIsImlzX2NoZWNrIjoxLCJsYXN0X2xvZ2luX2lwIjoiIiwibGFzdF9sb2dpbl90aW1lIjowLCJ1cGRhdGVfdGltZSI6IjIwMjAtMDUtMTggMjI6MDk6MzYiLCJjcmVhdGVfdGltZSI6IjE5NzAtMDEtMDEgMDg6MDA6MDAifQ%3D%3D',
)
[ info ] [ PARAM ] array (
)
[ info ] [ LOG ] INIT File
